This is pdfTeX, Version 3.1415926-2.5-1.40.14 (MiKTeX 2.9 64-bit) (preloaded format=pdflatex 2014.8.29)  17 OCT 2014 16:35
entering extended mode
**C:/Users/Mike/Documents/AISim/trunk/doc/AISim.tex
(C:/Users/Mike/Documents/AISim/trunk/doc/AISim.tex
LaTeX2e <2011/06/27>
Babel <v3.8m> and hyphenation patterns for english, afrikaans, ancientgreek, ar
abic, armenian, assamese, basque, bengali, bokmal, bulgarian, catalan, coptic, 
croatian, czech, danish, dutch, esperanto, estonian, farsi, finnish, french, ga
lician, german, german-x-2013-05-26, greek, gujarati, hindi, hungarian, iceland
ic, indonesian, interlingua, irish, italian, kannada, kurmanji, latin, latvian,
 lithuanian, malayalam, marathi, mongolian, mongolianlmc, monogreek, ngerman, n
german-x-2013-05-26, nynorsk, oriya, panjabi, pinyin, polish, portuguese, roman
ian, russian, sanskrit, serbian, slovak, slovenian, spanish, swedish, swissgerm
an, tamil, telugu, turkish, turkmen, ukenglish, ukrainian, uppersorbian, usengl
ishmax, welsh, loaded.
(C:\Users\Mike\Documents\AISim\trunk\doc\thesis.cls
Document Class: thesis 
("C:\Program Files\MiKTeX 2.9\tex\latex\base\report.cls"
Document Class: report 2007/10/19 v1.4h Standard LaTeX document class
("C:\Program Files\MiKTeX 2.9\tex\latex\base\size12.clo"
File: size12.clo 2007/10/19 v1.4h Standard LaTeX file (size option)
)
\c@part=\count79
\c@chapter=\count80
\c@section=\count81
\c@subsection=\count82
\c@subsubsection=\count83
\c@paragraph=\count84
\c@subparagraph=\count85
\c@figure=\count86
\c@table=\count87
\abovecaptionskip=\skip41
\belowcaptionskip=\skip42
\bibindent=\dimen102
)
("C:\Program Files\MiKTeX 2.9\tex\latex\footmisc\footmisc.sty"
Package: footmisc 2011/06/06 v5.5b a miscellany of footnote facilities
\FN@temptoken=\toks14
\footnotemargin=\dimen103
\c@pp@next@reset=\count88
Package footmisc Info: Declaring symbol style bringhurst on input line 855.
Package footmisc Info: Declaring symbol style chicago on input line 863.
Package footmisc Info: Declaring symbol style wiley on input line 872.
Package footmisc Info: Declaring symbol style lamport-robust on input line 883.

Package footmisc Info: Declaring symbol style lamport* on input line 903.
Package footmisc Info: Declaring symbol style lamport*-robust on input line 924
.
))
("C:\Program Files\MiKTeX 2.9\tex\latex\base\fontenc.sty"
Package: fontenc 2005/09/27 v1.99g Standard LaTeX package

("C:\Program Files\MiKTeX 2.9\tex\latex\base\t1enc.def"
File: t1enc.def 2005/09/27 v1.99g Standard LaTeX file
LaTeX Font Info:    Redeclaring font encoding T1 on input line 43.
))
("C:\Program Files\MiKTeX 2.9\tex\latex\base\textcomp.sty"
Package: textcomp 2005/09/27 v1.99g Standard LaTeX package
Package textcomp Info: Sub-encoding information:
(textcomp)               5 = only ISO-Adobe without \textcurrency
(textcomp)               4 = 5 + \texteuro
(textcomp)               3 = 4 + \textohm
(textcomp)               2 = 3 + \textestimated + \textcurrency
(textcomp)               1 = TS1 - \textcircled - \t
(textcomp)               0 = TS1 (full)
(textcomp)             Font families with sub-encoding setting implement
(textcomp)             only a restricted character set as indicated.
(textcomp)             Family '?' is the default used for unknown fonts.
(textcomp)             See the documentation for details.
Package textcomp Info: Setting ? sub-encoding to TS1/1 on input line 71.

("C:\Program Files\MiKTeX 2.9\tex\latex\base\ts1enc.def"
File: ts1enc.def 2001/06/05 v3.0e (jk/car/fm) Standard LaTeX file
)
LaTeX Info: Redefining \oldstylenums on input line 266.
Package textcomp Info: Setting cmr sub-encoding to TS1/0 on input line 281.
Package textcomp Info: Setting cmss sub-encoding to TS1/0 on input line 282.
Package textcomp Info: Setting cmtt sub-encoding to TS1/0 on input line 283.
Package textcomp Info: Setting cmvtt sub-encoding to TS1/0 on input line 284.
Package textcomp Info: Setting cmbr sub-encoding to TS1/0 on input line 285.
Package textcomp Info: Setting cmtl sub-encoding to TS1/0 on input line 286.
Package textcomp Info: Setting ccr sub-encoding to TS1/0 on input line 287.
Package textcomp Info: Setting ptm sub-encoding to TS1/4 on input line 288.
Package textcomp Info: Setting pcr sub-encoding to TS1/4 on input line 289.
Package textcomp Info: Setting phv sub-encoding to TS1/4 on input line 290.
Package textcomp Info: Setting ppl sub-encoding to TS1/3 on input line 291.
Package textcomp Info: Setting pag sub-encoding to TS1/4 on input line 292.
Package textcomp Info: Setting pbk sub-encoding to TS1/4 on input line 293.
Package textcomp Info: Setting pnc sub-encoding to TS1/4 on input line 294.
Package textcomp Info: Setting pzc sub-encoding to TS1/4 on input line 295.
Package textcomp Info: Setting bch sub-encoding to TS1/4 on input line 296.
Package textcomp Info: Setting put sub-encoding to TS1/5 on input line 297.
Package textcomp Info: Setting uag sub-encoding to TS1/5 on input line 298.
Package textcomp Info: Setting ugq sub-encoding to TS1/5 on input line 299.
Package textcomp Info: Setting ul8 sub-encoding to TS1/4 on input line 300.
Package textcomp Info: Setting ul9 sub-encoding to TS1/4 on input line 301.
Package textcomp Info: Setting augie sub-encoding to TS1/5 on input line 302.
Package textcomp Info: Setting dayrom sub-encoding to TS1/3 on input line 303.
Package textcomp Info: Setting dayroms sub-encoding to TS1/3 on input line 304.

Package textcomp Info: Setting pxr sub-encoding to TS1/0 on input line 305.
Package textcomp Info: Setting pxss sub-encoding to TS1/0 on input line 306.
Package textcomp Info: Setting pxtt sub-encoding to TS1/0 on input line 307.
Package textcomp Info: Setting txr sub-encoding to TS1/0 on input line 308.
Package textcomp Info: Setting txss sub-encoding to TS1/0 on input line 309.
Package textcomp Info: Setting txtt sub-encoding to TS1/0 on input line 310.
Package textcomp Info: Setting lmr sub-encoding to TS1/0 on input line 311.
Package textcomp Info: Setting lmdh sub-encoding to TS1/0 on input line 312.
Package textcomp Info: Setting lmss sub-encoding to TS1/0 on input line 313.
Package textcomp Info: Setting lmssq sub-encoding to TS1/0 on input line 314.
Package textcomp Info: Setting lmvtt sub-encoding to TS1/0 on input line 315.
Package textcomp Info: Setting qhv sub-encoding to TS1/0 on input line 316.
Package textcomp Info: Setting qag sub-encoding to TS1/0 on input line 317.
Package textcomp Info: Setting qbk sub-encoding to TS1/0 on input line 318.
Package textcomp Info: Setting qcr sub-encoding to TS1/0 on input line 319.
Package textcomp Info: Setting qcs sub-encoding to TS1/0 on input line 320.
Package textcomp Info: Setting qpl sub-encoding to TS1/0 on input line 321.
Package textcomp Info: Setting qtm sub-encoding to TS1/0 on input line 322.
Package textcomp Info: Setting qzc sub-encoding to TS1/0 on input line 323.
Package textcomp Info: Setting qhvc sub-encoding to TS1/0 on input line 324.
Package textcomp Info: Setting futs sub-encoding to TS1/4 on input line 325.
Package textcomp Info: Setting futx sub-encoding to TS1/4 on input line 326.
Package textcomp Info: Setting futj sub-encoding to TS1/4 on input line 327.
Package textcomp Info: Setting hlh sub-encoding to TS1/3 on input line 328.
Package textcomp Info: Setting hls sub-encoding to TS1/3 on input line 329.
Package textcomp Info: Setting hlst sub-encoding to TS1/3 on input line 330.
Package textcomp Info: Setting hlct sub-encoding to TS1/5 on input line 331.
Package textcomp Info: Setting hlx sub-encoding to TS1/5 on input line 332.
Package textcomp Info: Setting hlce sub-encoding to TS1/5 on input line 333.
Package textcomp Info: Setting hlcn sub-encoding to TS1/5 on input line 334.
Package textcomp Info: Setting hlcw sub-encoding to TS1/5 on input line 335.
Package textcomp Info: Setting hlcf sub-encoding to TS1/5 on input line 336.
Package textcomp Info: Setting pplx sub-encoding to TS1/3 on input line 337.
Package textcomp Info: Setting pplj sub-encoding to TS1/3 on input line 338.
Package textcomp Info: Setting ptmx sub-encoding to TS1/4 on input line 339.
Package textcomp Info: Setting ptmj sub-encoding to TS1/4 on input line 340.
)
("C:\Program Files\MiKTeX 2.9\tex\latex\amsfonts\amssymb.sty"
Package: amssymb 2013/01/14 v3.01 AMS font symbols

("C:\Program Files\MiKTeX 2.9\tex\latex\amsfonts\amsfonts.sty"
Package: amsfonts 2013/01/14 v3.01 Basic AMSFonts support
\@emptytoks=\toks15
\symAMSa=\mathgroup4
\symAMSb=\mathgroup5
LaTeX Font Info:    Overwriting math alphabet `\mathfrak' in version `bold'
(Font)                  U/euf/m/n --> U/euf/b/n on input line 106.
))
("C:\Program Files\MiKTeX 2.9\tex\latex\base\inputenc.sty"
Package: inputenc 2008/03/30 v1.1d Input encoding file
\inpenc@prehook=\toks16
\inpenc@posthook=\toks17

("C:\Program Files\MiKTeX 2.9\tex\latex\base\latin1.def"
File: latin1.def 2008/03/30 v1.1d Input encoding file
))
("C:\Program Files\MiKTeX 2.9\tex\latex\setspace\setspace.sty"
Package: setspace 2011/12/19 v6.7a set line spacing
)
("C:\Program Files\MiKTeX 2.9\tex\latex\ltxmisc\anysize.sty"
Package: anysize 1994/08/13 1.0 Contributed LaTeX2e package

Package: `anysize' 1.0 <1994/08/13>
\@Leftmargin=\dimen104
\@Rightmargin=\dimen105
\@Topmargin=\dimen106
\@Bottommargin=\dimen107
) ("C:\Program Files\MiKTeX 2.9\tex\generic\xypic\xy.sty"
("C:\Program Files\MiKTeX 2.9\tex\generic\xypic\xy.tex" Bootstrap'ing:
catcodes, docmode, ("C:\Program Files\MiKTeX 2.9\tex\generic\xypic\xyrecat.tex"
) ("C:\Program Files\MiKTeX 2.9\tex\generic\xypic\xyidioms.tex")

 Xy-pic version 3.8.9 <2013/10/06>
 Copyright (c) 1991-2013 by Kristoffer H. Rose <krisrose@tug.org> and others
 Xy-pic is free software: see the User's Guide for details.

Loading kernel: messages; fonts; allocations: state,
\X@c=\dimen108
\Y@c=\dimen109
\U@c=\dimen110
\D@c=\dimen111
\L@c=\dimen112
\R@c=\dimen113
\Edge@c=\toks18
\X@p=\dimen114
\Y@p=\dimen115
\U@p=\dimen116
\D@p=\dimen117
\L@p=\dimen118
\R@p=\dimen119
\Edge@p=\toks19
\X@origin=\dimen120
\Y@origin=\dimen121
\X@xbase=\dimen122
\Y@xbase=\dimen123
\X@ybase=\dimen124
\Y@ybase=\dimen125
\X@min=\dimen126
\Y@min=\dimen127
\X@max=\dimen128
\Y@max=\dimen129
\lastobjectbox@=\box26
\zerodotbox@=\box27
\almostz@=\dimen130
 direction,
\d@X=\dimen131
\d@Y=\dimen132
\K@=\count89
\KK@=\count90
\Direction=\count91
\K@dXdY=\dimen133
\K@dYdX=\dimen134
\xyread@=\read1
\xywrite@=\write3
\csp@=\count92
\quotPTK@=\dimen135

utility macros; pictures: \xy, positions,
\swaptoks@@=\toks20
\connectobjectbox@@=\box28
 objects,
\styletoks@=\toks21
 decorations;
kernel objects: directionals, circles, text; options; algorithms: directions,
edges, connections;  Xy-pic loaded)
("C:\Program Files\MiKTeX 2.9\tex\generic\oberdiek\ifpdf.sty"
Package: ifpdf 2011/01/30 v2.3 Provides the ifpdf switch (HO)
Package ifpdf Info: pdfTeX in PDF mode is detected.
)
Package: xy 2013/10/06 Xy-pic version 3.8.9

("C:\Program Files\MiKTeX 2.9\tex\generic\xypic\xyall.tex"
 Xy-pic option: All features v.3.8
("C:\Program Files\MiKTeX 2.9\tex\generic\xypic\xycurve.tex"
 Xy-pic option: Curve and Spline extension v.3.12 curve,
\crv@cnt@=\count93
\crvpts@=\toks22
\splinebox@=\box29
\splineval@=\dimen136
\splinedepth@=\dimen137
\splinetol@=\dimen138
\splinelength@=\dimen139
 circles,
\L@=\dimen140
 loaded)
("C:\Program Files\MiKTeX 2.9\tex\generic\xypic\xyframe.tex"
 Xy-pic option: Frame and Bracket extension v.3.14 loaded)
("C:\Program Files\MiKTeX 2.9\tex\generic\xypic\xycmtip.tex"
 Xy-pic option: Computer Modern tip extension v.3.7
("C:\Program Files\MiKTeX 2.9\tex\generic\xypic\xytips.tex"
 Xy-pic option: More Tips extension v.3.11 loaded) loaded)
("C:\Program Files\MiKTeX 2.9\tex\generic\xypic\xyline.tex"
 Xy-pic option: Line styles extension v.3.10
\xylinethick@=\dimen141
 loaded)
("C:\Program Files\MiKTeX 2.9\tex\generic\xypic\xyrotate.tex"
 Xy-pic option: Rotate and Scale extension v.3.8 loaded)
("C:\Program Files\MiKTeX 2.9\tex\generic\xypic\xycolor.tex"
 Xy-pic option: Colour extension v.3.11 loaded)
("C:\Program Files\MiKTeX 2.9\tex\generic\xypic\xymatrix.tex"
 Xy-pic option: Matrix feature v.3.14
\Row=\count94
\Col=\count95
\queue@=\toks23
\queue@@=\toks24
\qcount@=\count96
\qcount@@=\count97
\matrixsize@=\count98
 loaded)
("C:\Program Files\MiKTeX 2.9\tex\generic\xypic\xyarrow.tex"
 Xy-pic option: Arrow and Path feature v.3.9 path, \ar, loaded)
("C:\Program Files\MiKTeX 2.9\tex\generic\xypic\xygraph.tex"
 Xy-pic option: Graph feature v.3.11 loaded) loaded)
("C:\Program Files\MiKTeX 2.9\tex\generic\xypic\xypdf.tex"
 Xy-pic option: PDF driver v.1.7 Xy-pic pdf driver: `color' extension support
("C:\Program Files\MiKTeX 2.9\tex\generic\xypic\xypdf-co.tex" loaded)
Xy-pic pdf driver: `curve' extension support
("C:\Program Files\MiKTeX 2.9\tex\generic\xypic\xypdf-cu.tex" loaded)
Xy-pic pdf driver: `frame' extension support
("C:\Program Files\MiKTeX 2.9\tex\generic\xypic\xypdf-fr.tex" loaded)
Xy-pic pdf driver: `line' extension support
("C:\Program Files\MiKTeX 2.9\tex\generic\xypic\xypdf-li.tex" loaded)
Xy-pic pdf driver: `rotate' extension support
("C:\Program Files\MiKTeX 2.9\tex\generic\xypic\xypdf-ro.tex" loaded) loaded))
("C:\Program Files\MiKTeX 2.9\tex\latex\subfigure\subfigure.sty"
Package: subfigure 2002/07/30 v2.1.4 subfigure package
\subfigtopskip=\skip43
\subfigcapskip=\skip44
\subfigcaptopadj=\dimen142
\subfigbottomskip=\skip45
\subfigcapmargin=\dimen143
\subfiglabelskip=\skip46
\c@subfigure=\count99
\c@lofdepth=\count100
\c@subtable=\count101
\c@lotdepth=\count102

****************************************
* Local config file subfigure.cfg used *
****************************************
("C:\Program Files\MiKTeX 2.9\tex\latex\subfigure\subfigure.cfg")
\subfig@top=\skip47
\subfig@bottom=\skip48
)
("C:\Program Files\MiKTeX 2.9\tex\latex\multirow\multirow.sty"
\bigstrutjot=\dimen144
)
("C:\Program Files\MiKTeX 2.9\tex\latex\url\url.sty"
\Urlmuskip=\muskip10
Package: url 2013/09/16  ver 3.4  Verb mode for urls, etc.
)
("C:\Program Files\MiKTeX 2.9\tex\latex\amsmath\amsmath.sty"
Package: amsmath 2013/01/14 v2.14 AMS math features
\@mathmargin=\skip49

For additional information on amsmath, use the `?' option.
("C:\Program Files\MiKTeX 2.9\tex\latex\amsmath\amstext.sty"
Package: amstext 2000/06/29 v2.01

("C:\Program Files\MiKTeX 2.9\tex\latex\amsmath\amsgen.sty"
File: amsgen.sty 1999/11/30 v2.0
\@emptytoks=\toks25
\ex@=\dimen145
))
("C:\Program Files\MiKTeX 2.9\tex\latex\amsmath\amsbsy.sty"
Package: amsbsy 1999/11/29 v1.2d
\pmbraise@=\dimen146
)
("C:\Program Files\MiKTeX 2.9\tex\latex\amsmath\amsopn.sty"
Package: amsopn 1999/12/14 v2.01 operator names
)
\inf@bad=\count103
LaTeX Info: Redefining \frac on input line 210.
\uproot@=\count104
\leftroot@=\count105
LaTeX Info: Redefining \overline on input line 306.
\classnum@=\count106
\DOTSCASE@=\count107
LaTeX Info: Redefining \ldots on input line 378.
LaTeX Info: Redefining \dots on input line 381.
LaTeX Info: Redefining \cdots on input line 466.
\Mathstrutbox@=\box30
\strutbox@=\box31
\big@size=\dimen147
LaTeX Font Info:    Redeclaring font encoding OML on input line 566.
LaTeX Font Info:    Redeclaring font encoding OMS on input line 567.
\macc@depth=\count108
\c@MaxMatrixCols=\count109
\dotsspace@=\muskip11
\c@parentequation=\count110
\dspbrk@lvl=\count111
\tag@help=\toks26
\row@=\count112
\column@=\count113
\maxfields@=\count114
\andhelp@=\toks27
\eqnshift@=\dimen148
\alignsep@=\dimen149
\tagshift@=\dimen150
\tagwidth@=\dimen151
\totwidth@=\dimen152
\lineht@=\dimen153
\@envbody=\toks28
\multlinegap=\skip50
\multlinetaggap=\skip51
\mathdisplay@stack=\toks29
LaTeX Info: Redefining \[ on input line 2665.
LaTeX Info: Redefining \] on input line 2666.
)
("C:\Program Files\MiKTeX 2.9\tex\latex\float\float.sty"
Package: float 2001/11/08 v1.3d Float enhancements (AL)
\c@float@type=\count115
\float@exts=\toks30
\float@box=\box32
\@float@everytoks=\toks31
\@floatcapt=\box33
)
("C:\Program Files\MiKTeX 2.9\tex\latex\aeguill\aeguill.sty"
Package: aeguill 2003/08/02 1.02 AE fonts with french guillemets (D. Roegel)

("C:\Program Files\MiKTeX 2.9\tex\latex\ae\ae.sty"
Package: ae 2001/02/12 1.3 Almost European Computer Modern

("C:\Program Files\MiKTeX 2.9\tex\latex\base\fontenc.sty"
Package: fontenc 2005/09/27 v1.99g Standard LaTeX package

("C:\Program Files\MiKTeX 2.9\tex\latex\base\t1enc.def"
File: t1enc.def 2005/09/27 v1.99g Standard LaTeX file
LaTeX Font Info:    Redeclaring font encoding T1 on input line 43.
)
LaTeX Font Info:    Try loading font information for T1+aer on input line 100.

("C:\Program Files\MiKTeX 2.9\tex\latex\ae\t1aer.fd"
File: t1aer.fd 1997/11/16 Font definitions for T1/aer.
))))
("C:\Program Files\MiKTeX 2.9\tex\latex\graphics\graphicx.sty"
Package: graphicx 1999/02/16 v1.0f Enhanced LaTeX Graphics (DPC,SPQR)

("C:\Program Files\MiKTeX 2.9\tex\latex\graphics\keyval.sty"
Package: keyval 1999/03/16 v1.13 key=value parser (DPC)
\KV@toks@=\toks32
)
("C:\Program Files\MiKTeX 2.9\tex\latex\graphics\graphics.sty"
Package: graphics 2009/02/05 v1.0o Standard LaTeX Graphics (DPC,SPQR)

("C:\Program Files\MiKTeX 2.9\tex\latex\graphics\trig.sty"
Package: trig 1999/03/16 v1.09 sin cos tan (DPC)
)
("C:\Program Files\MiKTeX 2.9\tex\latex\00miktex\graphics.cfg"
File: graphics.cfg 2007/01/18 v1.5 graphics configuration of teTeX/TeXLive
)
Package graphics Info: Driver file: pdftex.def on input line 91.

("C:\Program Files\MiKTeX 2.9\tex\latex\pdftex-def\pdftex.def"
File: pdftex.def 2011/05/27 v0.06d Graphics/color for pdfTeX

("C:\Program Files\MiKTeX 2.9\tex\generic\oberdiek\infwarerr.sty"
Package: infwarerr 2010/04/08 v1.3 Providing info/warning/error messages (HO)
)
("C:\Program Files\MiKTeX 2.9\tex\generic\oberdiek\ltxcmds.sty"
Package: ltxcmds 2011/11/09 v1.22 LaTeX kernel commands for general use (HO)
)
\Gread@gobject=\count116
))
\Gin@req@height=\dimen154
\Gin@req@width=\dimen155
)
("C:\Program Files\MiKTeX 2.9\tex\latex\graphics\color.sty"
Package: color 2005/11/14 v1.0j Standard LaTeX Color (DPC)

("C:\Program Files\MiKTeX 2.9\tex\latex\00miktex\color.cfg"
File: color.cfg 2007/01/18 v1.5 color configuration of teTeX/TeXLive
)
Package color Info: Driver file: pdftex.def on input line 130.
)
("C:\Program Files\MiKTeX 2.9\tex\generic\thumbpdf\thumbpdf.sty"
Package: thumbpdf 2012/04/18 v3.15 Inclusion of thumbnails (HO)


Package thumbpdf Warning: Thumbnail data file `AISim.tpt' not found.

) ("C:\Program Files\MiKTeX 2.9\tex\latex\hyperref\hyperref.sty"
Package: hyperref 2012/11/06 v6.83m Hypertext links for LaTeX

("C:\Program Files\MiKTeX 2.9\tex\generic\oberdiek\hobsub-hyperref.sty"
Package: hobsub-hyperref 2012/04/25 v1.12 Bundle oberdiek, subset hyperref (HO)


("C:\Program Files\MiKTeX 2.9\tex\generic\oberdiek\hobsub-generic.sty"
Package: hobsub-generic 2012/04/25 v1.12 Bundle oberdiek, subset generic (HO)
Package: hobsub 2012/04/25 v1.12 Construct package bundles (HO)
Package hobsub Info: Skipping package `infwarerr' (already loaded).
Package hobsub Info: Skipping package `ltxcmds' (already loaded).
Package: ifluatex 2010/03/01 v1.3 Provides the ifluatex switch (HO)
Package ifluatex Info: LuaTeX not detected.
Package: ifvtex 2010/03/01 v1.5 Detect VTeX and its facilities (HO)
Package ifvtex Info: VTeX not detected.
Package: intcalc 2007/09/27 v1.1 Expandable calculations with integers (HO)
Package hobsub Info: Skipping package `ifpdf' (already loaded).
Package: etexcmds 2011/02/16 v1.5 Avoid name clashes with e-TeX commands (HO)
Package etexcmds Info: Could not find \expanded.
(etexcmds)             That can mean that you are not using pdfTeX 1.50 or
(etexcmds)             that some package has redefined \expanded.
(etexcmds)             In the latter case, load this package earlier.
Package: kvsetkeys 2012/04/25 v1.16 Key value parser (HO)
Package: kvdefinekeys 2011/04/07 v1.3 Define keys (HO)
Package: pdftexcmds 2011/11/29 v0.20 Utility functions of pdfTeX for LuaTeX (HO
)
Package pdftexcmds Info: LuaTeX not detected.
Package pdftexcmds Info: \pdf@primitive is available.
Package pdftexcmds Info: \pdf@ifprimitive is available.
Package pdftexcmds Info: \pdfdraftmode found.
Package: pdfescape 2011/11/25 v1.13 Implements pdfTeX's escape features (HO)
Package: bigintcalc 2012/04/08 v1.3 Expandable calculations on big integers (HO
)
Package: bitset 2011/01/30 v1.1 Handle bit-vector datatype (HO)
Package: uniquecounter 2011/01/30 v1.2 Provide unlimited unique counter (HO)
)
Package hobsub Info: Skipping package `hobsub' (already loaded).
Package: letltxmacro 2010/09/02 v1.4 Let assignment for LaTeX macros (HO)
Package: hopatch 2011/06/24 v1.1 Wrapper for package hooks (HO)
Package: xcolor-patch 2011/01/30 xcolor patch
Package: atveryend 2011/06/30 v1.8 Hooks at the very end of document (HO)
Package atveryend Info: \enddocument detected (standard20110627).
Package: atbegshi 2011/10/05 v1.16 At begin shipout hook (HO)
Package: refcount 2011/10/16 v3.4 Data extraction from label references (HO)
Package: hycolor 2011/01/30 v1.7 Color options for hyperref/bookmark (HO)
)
("C:\Program Files\MiKTeX 2.9\tex\generic\ifxetex\ifxetex.sty"
Package: ifxetex 2010/09/12 v0.6 Provides ifxetex conditional
)
("C:\Program Files\MiKTeX 2.9\tex\latex\oberdiek\auxhook.sty"
Package: auxhook 2011/03/04 v1.3 Hooks for auxiliary files (HO)
)
("C:\Program Files\MiKTeX 2.9\tex\latex\oberdiek\kvoptions.sty"
Package: kvoptions 2011/06/30 v3.11 Key value format for package options (HO)
)
\@linkdim=\dimen156
\Hy@linkcounter=\count117
\Hy@pagecounter=\count118

("C:\Program Files\MiKTeX 2.9\tex\latex\hyperref\pd1enc.def"
File: pd1enc.def 2012/11/06 v6.83m Hyperref: PDFDocEncoding definition (HO)
)
\Hy@SavedSpaceFactor=\count119

("C:\Program Files\MiKTeX 2.9\tex\latex\00miktex\hyperref.cfg"
File: hyperref.cfg 2002/06/06 v1.2 hyperref configuration of TeXLive
)
Package hyperref Info: Option `colorlinks' set `true' on input line 4319.
Package hyperref Info: Option `linktocpage' set `true' on input line 4319.
Package hyperref Info: Option `plainpages' set `false' on input line 4319.
Package hyperref Info: Option `bookmarksopen' set `true' on input line 4319.
Package hyperref Info: Option `bookmarksnumbered' set `true' on input line 4319
.
Package hyperref Info: Hyper figures OFF on input line 4443.
Package hyperref Info: Link nesting OFF on input line 4448.
Package hyperref Info: Hyper index ON on input line 4451.
Package hyperref Info: Plain pages OFF on input line 4458.
Package hyperref Info: Backreferencing ON on input line 4461.
Package hyperref Info: Implicit mode ON; LaTeX internals redefined.
Package hyperref Info: Bookmarks ON on input line 4688.

("C:\Program Files\MiKTeX 2.9\tex\latex\hyperref\backref.sty"
Package: backref 2012/07/25 v1.38 Bibliographical back referencing

("C:\Program Files\MiKTeX 2.9\tex\latex\oberdiek\rerunfilecheck.sty"
Package: rerunfilecheck 2011/04/15 v1.7 Rerun checks for auxiliary files (HO)
Package uniquecounter Info: New unique counter `rerunfilecheck' on input line 2
82.
))
\c@Hy@tempcnt=\count120
LaTeX Info: Redefining \url on input line 5041.
\XeTeXLinkMargin=\dimen157
\Fld@menulength=\count121
\Field@Width=\dimen158
\Fld@charsize=\dimen159
Package hyperref Info: Hyper figures OFF on input line 6295.
Package hyperref Info: Link nesting OFF on input line 6300.
Package hyperref Info: Hyper index ON on input line 6303.
Package hyperref Info: backreferencing ON on input line 6308.
Package hyperref Info: Link coloring ON on input line 6313.
Package hyperref Info: Link coloring with OCG OFF on input line 6320.
Package hyperref Info: PDF/A mode OFF on input line 6325.
LaTeX Info: Redefining \ref on input line 6365.
LaTeX Info: Redefining \pageref on input line 6369.
\Hy@abspage=\count122
\c@Item=\count123
\c@Hfootnote=\count124
)

Package hyperref Message: Driver: hpdftex.

("C:\Program Files\MiKTeX 2.9\tex\latex\hyperref\hpdftex.def"
File: hpdftex.def 2012/11/06 v6.83m Hyperref driver for pdfTeX
\Fld@listcount=\count125
\c@bookmark@seq@number=\count126
\Hy@SectionHShift=\skip52
)
("C:\Program Files\MiKTeX 2.9\tex\latex\base\makeidx.sty"
Package: makeidx 2000/03/29 v1.0m Standard LaTeX package
)
\@indexfile=\write4

Writing index file AISim.idx
("C:\Program Files\MiKTeX 2.9\tex\latex\glossary\glossary.sty"
Package: glossary 2006/07/20 2.4 (NLCT)

("C:\Program Files\MiKTeX 2.9\tex\latex\base\ifthen.sty"
Package: ifthen 2001/05/26 v1.1c Standard LaTeX ifthen package (DPC)
)
\gls@cols=\count127

No configuration file glossary.cfg found
("C:\Program Files\MiKTeX 2.9\tex\latex\supertabular\supertabular.sty"
Package: supertabular 2004/02/20 v4.1e the supertabular environment
\c@tracingst=\count128
\ST@wd=\dimen160
\ST@rightskip=\skip53
\ST@leftskip=\skip54
\ST@parfillskip=\skip55
\ST@pageleft=\dimen161
\ST@headht=\dimen162
\ST@tailht=\dimen163
\ST@pagesofar=\dimen164
\ST@pboxht=\dimen165
\ST@lineht=\dimen166
\ST@stretchht=\dimen167
\ST@prevht=\dimen168
\ST@toadd=\dimen169
\ST@dimen=\dimen170
\ST@pbox=\box34
)
\descriptionwidth=\skip56
\istfile=\write5
)
\@glossaryfile=\write6

Writing glossary file AISim.glo 
\c@example=\count129
\c@proof=\count130
(C:\Users\Mike\Documents\AISim\trunk\doc\AISim.aux
(C:\Users\Mike\Documents\AISim\trunk\doc\introduction.aux)
(C:\Users\Mike\Documents\AISim\trunk\doc\general.aux)
(C:\Users\Mike\Documents\AISim\trunk\doc\systemRequirements.aux

LaTeX Warning: Label `fig:cTAEMS' multiply defined.

) (C:\Users\Mike\Documents\AISim\trunk\doc\otherFunctionalRequirements.aux)
(C:\Users\Mike\Documents\AISim\trunk\doc\detailedSystemDescription.aux)
(C:\Users\Mike\Documents\AISim\trunk\doc\verification.aux)
(C:\Users\Mike\Documents\AISim\trunk\doc\conclusion.aux)
(C:\Users\Mike\Documents\AISim\trunk\doc\glossary.aux))
LaTeX Font Info:    Checking defaults for OML/cmm/m/it on input line 84.
LaTeX Font Info:    ... okay on input line 84.
LaTeX Font Info:    Checking defaults for T1/cmr/m/n on input line 84.
LaTeX Font Info:    ... okay on input line 84.
LaTeX Font Info:    Checking defaults for OT1/cmr/m/n on input line 84.
LaTeX Font Info:    ... okay on input line 84.
LaTeX Font Info:    Checking defaults for OMS/cmsy/m/n on input line 84.
LaTeX Font Info:    ... okay on input line 84.
LaTeX Font Info:    Checking defaults for OMX/cmex/m/n on input line 84.
LaTeX Font Info:    ... okay on input line 84.
LaTeX Font Info:    Checking defaults for U/cmr/m/n on input line 84.
LaTeX Font Info:    ... okay on input line 84.
LaTeX Font Info:    Checking defaults for TS1/cmr/m/n on input line 84.
LaTeX Font Info:    Try loading font information for TS1+cmr on input line 84.

("C:\Program Files\MiKTeX 2.9\tex\latex\base\ts1cmr.fd"
File: ts1cmr.fd 1999/05/25 v2.5h Standard LaTeX font definitions
)
LaTeX Font Info:    ... okay on input line 84.
LaTeX Font Info:    Checking defaults for PD1/pdf/m/n on input line 84.
LaTeX Font Info:    ... okay on input line 84.
LaTeX Font Info:    Try loading font information for U+msa on input line 84.

("C:\Program Files\MiKTeX 2.9\tex\latex\amsfonts\umsa.fd"
File: umsa.fd 2013/01/14 v3.01 AMS symbols A
)
LaTeX Font Info:    Try loading font information for U+msb on input line 84.

("C:\Program Files\MiKTeX 2.9\tex\latex\amsfonts\umsb.fd"
File: umsb.fd 2013/01/14 v3.01 AMS symbols B
)
Package xypdf Info: Line width: 0.47998pt on input line 84.

("C:\Program Files\MiKTeX 2.9\tex\context\base\supp-pdf.mkii"
[Loading MPS to PDF converter (version 2006.09.02).]
\scratchcounter=\count131
\scratchdimen=\dimen171
\scratchbox=\box35
\nofMPsegments=\count132
\nofMParguments=\count133
\everyMPshowfont=\toks33
\MPscratchCnt=\count134
\MPscratchDim=\dimen172
\MPnumerator=\count135
\makeMPintoPDFobject=\count136
\everyMPtoPDFconversion=\toks34
)
\AtBeginShipoutBox=\box36
Package hyperref Info: Link coloring ON on input line 84.
 ("C:\Program Files\MiKTeX 2.9\tex\latex\hyperref\nameref.sty"
Package: nameref 2012/10/27 v2.43 Cross-referencing by name of section

("C:\Program Files\MiKTeX 2.9\tex\generic\oberdiek\gettitlestring.sty"
Package: gettitlestring 2010/12/03 v1.4 Cleanup title references (HO)
)
\c@section@level=\count137
)
LaTeX Info: Redefining \ref on input line 84.
LaTeX Info: Redefining \pageref on input line 84.
LaTeX Info: Redefining \nameref on input line 84.

(C:\Users\Mike\Documents\AISim\trunk\doc\AISim.out)
(C:\Users\Mike\Documents\AISim\trunk\doc\AISim.out)
\@outlinefile=\write7

(C:\Users\Mike\Documents\AISim\trunk\doc\titlepage.tex [1

{C:/ProgramData/MiKTeX/2.9/pdftex/config/pdftex.map}]
LaTeX Font Info:    Try loading font information for TS1+aer on input line 41.
LaTeX Font Info:    No file TS1aer.fd. on input line 41.


LaTeX Font Warning: Font shape `TS1/aer/m/n' undefined
(Font)              using `TS1/cmr/m/n' instead
(Font)              for symbol `textbullet' on input line 41.

LaTeX Font Info:    Try loading font information for T1+aett on input line 51.
("C:\Program Files\MiKTeX 2.9\tex\latex\ae\t1aett.fd"
File: t1aett.fd 1997/11/16 Font definitions for T1/aett.
))
Underfull \hbox (badness 10000) in paragraph at lines 51--89

 []

[2] (C:\Users\Mike\Documents\AISim\trunk\doc\AISim.toc)
\tf@toc=\write8
 [3

]
(C:\Users\Mike\Documents\AISim\trunk\doc\AISim.lof)
\tf@lof=\write9
 [4

]
(C:\Users\Mike\Documents\AISim\trunk\doc\introduction.tex
Chapter 1.
[1


]) [2] (C:\Users\Mike\Documents\AISim\trunk\doc\general.tex
Chapter 2.
) [3



] (C:\Users\Mike\Documents\AISim\trunk\doc\systemRequirements.tex
Chapter 3.
<figs/ERD.pdf, id=199, 578.16pt x 433.62pt>
File: figs/ERD.pdf Graphic file (type pdf)
 <use figs/ERD.pdf>
Package pdftex.def Info: figs/ERD.pdf used on input line 13.
(pdftex.def)             Requested size: 469.75499pt x 352.31538pt.

Overfull \hbox (24.01344pt too wide) in paragraph at lines 13--14
 [][] 
 []

[4



] <figs/cTAEMS.pdf, id=205, page=1, 614.295pt x 794.97pt>
File: figs/cTAEMS.pdf Graphic file (type pdf)

<use figs/cTAEMS.pdf, page 1>
Package pdftex.def Info: figs/cTAEMS.pdf, page1 used on input line 37.
(pdftex.def)             Requested size: 332.44243pt x 430.22357pt.
 [5 <C:/Users/Mike/Documents/AISim/trunk/doc/figs/ERD.pdf>] <figs/cTAEMS.pdf, i
d=379, page=2, 614.295pt x 794.97pt>
File: figs/cTAEMS.pdf Graphic file (type pdf)

<use figs/cTAEMS.pdf, page 2>
Package pdftex.def Info: figs/cTAEMS.pdf, page2 used on input line 44.
(pdftex.def)             Requested size: 332.44243pt x 430.22357pt.
 [6 <C:/Users/Mike/Documents/AISim/trunk/doc/figs/cTAEMS.pdf

pdfTeX warning: pdflatex.EXE (file C:/Users/Mike/Documents/AISim/trunk/doc/figs
/cTAEMS.pdf): PDF inclusion: invalid other resource which is no dict (key 'Proc
Sets', type <array>); ignored.
>] [7 <C:/Users/Mike/Documents/AISim/trunk/doc/figs/cTAEMS.pdf

pdfTeX warning: pdflatex.EXE (file C:/Users/Mike/Documents/AISim/trunk/doc/figs
/cTAEMS.pdf): PDF inclusion: invalid other resource which is no dict (key 'Proc
Sets', type <array>); ignored.
>] <figs/CFI.pdf, id=398, 216.81pt x 144.54pt>
File: figs/CFI.pdf Graphic file (type pdf)
 <use figs/CFI.pdf>
Package pdftex.def Info: figs/CFI.pdf used on input line 59.
(pdftex.def)             Requested size: 289.07999pt x 192.74303pt.

<figs/AgentRegistration.pdf, id=399, 289.08pt x 108.405pt>
File: figs/AgentRegistration.pdf Graphic file (type pdf)

<use figs/AgentRegistration.pdf>
Package pdftex.def Info: figs/AgentRegistration.pdf used on input line 75.
(pdftex.def)             Requested size: 289.07999pt x 108.40968pt.

<figs/AskMethodStatus.pdf, id=400, 289.08pt x 108.405pt>
File: figs/AskMethodStatus.pdf Graphic file (type pdf)

<use figs/AskMethodStatus.pdf>
Package pdftex.def Info: figs/AskMethodStatus.pdf used on input line 82.
(pdftex.def)             Requested size: 289.07999pt x 108.40968pt.
 [8 <C:/Users/Mike/Documents/AISim/trunk/doc/figs/CFI.pdf> <C:/Users/Mike/Docum
ents/AISim/trunk/doc/figs/AgentRegistration.pdf

pdfTeX warning: pdflatex.EXE (file C:/Users/Mike/Documents/AISim/trunk/doc/figs
/AgentRegistration.pdf): PDF inclusion: multiple pdfs with page group included 
in a single page
>] <figs/ConfirmMethodStart.pdf, id=439, 289.08pt x 115.632pt>
File: figs/ConfirmMethodStart.pdf Graphic file (type pdf)

<use figs/ConfirmMethodStart.pdf>
Package pdftex.def Info: figs/ConfirmMethodStart.pdf used on input line 89.
(pdftex.def)             Requested size: 289.07999pt x 115.637pt.

<figs/NewNodeMessage.pdf, id=440, 453.1329pt x 483.4863pt>
File: figs/NewNodeMessage.pdf Graphic file (type pdf)

<use figs/NewNodeMessage.pdf>
Package pdftex.def Info: figs/NewNodeMessage.pdf used on input line 96.
(pdftex.def)             Requested size: 361.34999pt x 385.55753pt.
 [9 <C:/Users/Mike/Documents/AISim/trunk/doc/figs/AskMethodStatus.pdf> <C:/User
s/Mike/Documents/AISim/trunk/doc/figs/ConfirmMethodStart.pdf

pdfTeX warning: pdflatex.EXE (file C:/Users/Mike/Documents/AISim/trunk/doc/figs
/ConfirmMethodStart.pdf): PDF inclusion: multiple pdfs with page group included
 in a single page
>] <figs/NotifyMethodCompleted.pdf, id=467, 289.08pt x 130.086pt>
File: figs/NotifyMethodCompleted.pdf Graphic file (type pdf)

<use figs/NotifyMethodCompleted.pdf>
Package pdftex.def Info: figs/NotifyMethodCompleted.pdf used on input line 103.

(pdftex.def)             Requested size: 289.07999pt x 130.09161pt.

<figs/NotifyMethodStatus.pdf, id=468, 289.08pt x 137.313pt>
File: figs/NotifyMethodStatus.pdf Graphic file (type pdf)

<use figs/NotifyMethodStatus.pdf>
Package pdftex.def Info: figs/NotifyMethodStatus.pdf used on input line 110.
(pdftex.def)             Requested size: 289.07999pt x 137.31892pt.
 [10 <C:/Users/Mike/Documents/AISim/trunk/doc/figs/NewNodeMessage.pdf> <C:/User
s/Mike/Documents/AISim/trunk/doc/figs/NotifyMethodCompleted.pdf

pdfTeX warning: pdflatex.EXE (file C:/Users/Mike/Documents/AISim/trunk/doc/figs
/NotifyMethodCompleted.pdf): PDF inclusion: multiple pdfs with page group inclu
ded in a single page
>] <figs/NotifyRelationshipActivation.pdf, id=494, 289.08pt x 115.632pt>
File: figs/NotifyRelationshipActivation.pdf Graphic file (type pdf)

<use figs/NotifyRelationshipActivation.pdf>
Package pdftex.def Info: figs/NotifyRelationshipActivation.pdf used on input li
ne 117.
(pdftex.def)             Requested size: 289.07999pt x 115.637pt.

<figs/SetRandomSeed.pdf, id=495, 289.08pt x 108.405pt>
File: figs/SetRandomSeed.pdf Graphic file (type pdf)

<use figs/SetRandomSeed.pdf>
Package pdftex.def Info: figs/SetRandomSeed.pdf used on input line 124.
(pdftex.def)             Requested size: 289.07999pt x 108.40968pt.

<figs/StartMethod.pdf, id=496, 289.08pt x 108.405pt>
File: figs/StartMethod.pdf Graphic file (type pdf)

<use figs/StartMethod.pdf>
Package pdftex.def Info: figs/StartMethod.pdf used on input line 131.
(pdftex.def)             Requested size: 289.07999pt x 108.40968pt.
 [11 <C:/Users/Mike/Documents/AISim/trunk/doc/figs/NotifyMethodStatus.pdf> <C:/
Users/Mike/Documents/AISim/trunk/doc/figs/NotifyRelationshipActivation.pdf

pdfTeX warning: pdflatex.EXE (file C:/Users/Mike/Documents/AISim/trunk/doc/figs
/NotifyRelationshipActivation.pdf): PDF inclusion: multiple pdfs with page grou
p included in a single page
> <C:/Users/Mike/Documents/AISim/trunk/doc/figs/SetRandomSeed.pdf

pdfTeX warning: pdflatex.EXE (file C:/Users/Mike/Documents/AISim/trunk/doc/figs
/SetRandomSeed.pdf): PDF inclusion: multiple pdfs with page group included in a
 single page
>] <figs/TaskTree.pdf, id=532, 722.7pt x 406.51875pt>
File: figs/TaskTree.pdf Graphic file (type pdf)
 <use figs/TaskTree.pdf>
Package pdftex.def Info: figs/TaskTree.pdf used on input line 150.
(pdftex.def)             Requested size: 469.75499pt x 264.24025pt.

Overfull \hbox (24.01344pt too wide) in paragraph at lines 150--151
 [][] 
 []

[12 <C:/Users/Mike/Documents/AISim/trunk/doc/figs/StartMethod.pdf>] [13 <C:/Use
rs/Mike/Documents/AISim/trunk/doc/figs/TaskTree.pdf>] [14]) [15]
(C:\Users\Mike\Documents\AISim\trunk\doc\otherFunctionalRequirements.tex
Chapter 4.
) [16



] (C:\Users\Mike\Documents\AISim\trunk\doc\detailedSystemDescription.tex
Chapter 5.
<figs/UsesDiagram.pdf, id=608, 289.08pt x 433.62pt>
File: figs/UsesDiagram.pdf Graphic file (type pdf)
 <use figs/UsesDiagram.pdf>
Package pdftex.def Info: figs/UsesDiagram.pdf used on input line 10.
(pdftex.def)             Requested size: 289.07999pt x 433.63878pt.

[17



] [18 <C:/Users/Mike/Documents/AISim/trunk/doc/figs/UsesDiagram.pdf>]
<figs/simPackage.pdf, id=658, 308.5929pt x 338.94629pt>
File: figs/simPackage.pdf Graphic file (type pdf)

<use figs/simPackage.pdf>
Package pdftex.def Info: figs/simPackage.pdf used on input line 56.
(pdftex.def)             Requested size: 325.215pt x 357.23329pt.
 [19]
<figs/inputUML.pdf, id=666, 597.50786pt x 628.02629pt>
File: figs/inputUML.pdf Graphic file (type pdf)
 <use figs/inputUML.pdf>
Package pdftex.def Info: figs/inputUML.pdf used on input line 71.
(pdftex.def)             Requested size: 361.34999pt x 379.80853pt.

[20 <C:/Users/Mike/Documents/AISim/trunk/doc/figs/simPackage.pdf>]
Underfull \hbox (badness 10000) in paragraph at lines 76--77

 []


Underfull \hbox (badness 10000) in paragraph at lines 79--80

 []

[21 <C:/Users/Mike/Documents/AISim/trunk/doc/figs/inputUML.pdf>]
Underfull \hbox (badness 10000) in paragraph at lines 81--82

 []


Underfull \hbox (badness 10000) in paragraph at lines 83--84

 []

<figs/outputUML.pdf, id=708, 597.50786pt x 338.94629pt>
File: figs/outputUML.pdf Graphic file (type pdf)

<use figs/outputUML.pdf>
Package pdftex.def Info: figs/outputUML.pdf used on input line 88.
(pdftex.def)             Requested size: 144.54pt x 81.99008pt.

Underfull \hbox (badness 10000) in paragraph at lines 93--94

 []


Underfull \hbox (badness 10000) in paragraph at lines 96--97

 []

<figs/simulationUML.pdf, id=709, 597.50786pt x 338.94629pt>
File: figs/simulationUML.pdf Graphic file (type pdf)

<use figs/simulationUML.pdf>
Package pdftex.def Info: figs/simulationUML.pdf used on input line 100.
(pdftex.def)             Requested size: 433.62pt x 245.9806pt.
 [22 <C:/Users/Mike/Documents/AISim/trunk/doc/figs/outputUML.pdf>]
Underfull \hbox (badness 10000) in paragraph at lines 105--106

 []


Underfull \hbox (badness 10000) in paragraph at lines 108--109

 []


Underfull \hbox (badness 10000) in paragraph at lines 110--111

 []


Underfull \hbox (badness 10000) in paragraph at lines 112--113

 []


Underfull \hbox (badness 10000) in paragraph at lines 114--115

 []

[23 <C:/Users/Mike/Documents/AISim/trunk/doc/figs/simulationUML.pdf>]
Underfull \hbox (badness 10000) in paragraph at lines 116--117

 []


Overfull \hbox (12.66339pt too wide) in paragraph at lines 122--123
[]| \T1/aer/bx/n/12 (v) No-ti-fyMethod-Com-pleteMes-sage\T1/aer/m/n/12 : Tells 
an Agent that their Method
 []


Underfull \hbox (badness 10000) in paragraph at lines 126--127

 []

<figs/tasktreeUML.pdf, id=728, 597.50786pt x 338.94629pt>
File: figs/tasktreeUML.pdf Graphic file (type pdf)

<use figs/tasktreeUML.pdf>
Package pdftex.def Info: figs/tasktreeUML.pdf used on input line 131.
(pdftex.def)             Requested size: 433.62pt x 245.9806pt.
 [24]
Underfull \hbox (badness 10000) in paragraph at lines 136--137

 []


Underfull \hbox (badness 10000) in paragraph at lines 142--143

 []


Underfull \hbox (badness 10000) in paragraph at lines 144--145

 []


Underfull \hbox (badness 10000) in paragraph at lines 146--147

 []


Underfull \hbox (badness 10000) in paragraph at lines 148--149

 []

[25 <C:/Users/Mike/Documents/AISim/trunk/doc/figs/tasktreeUML.pdf>]) [26]
(C:\Users\Mike\Documents\AISim\trunk\doc\verification.tex
Chapter 6.


pdfTeX warning: pdflatex.EXE (file C:/Users/Mike/Documents/AISim/trunk/doc/figs
/OverviewUsesDiagram.pdf): PDF inclusion: found PDF version <1.7>, but at most 
version <1.5> allowed
<figs/OverviewUsesDiagram.pdf, id=746, 614.295pt x 794.97pt>
File: figs/OverviewUsesDiagram.pdf Graphic file (type pdf)

<use figs/OverviewUsesDiagram.pdf>
Package pdftex.def Info: figs/OverviewUsesDiagram.pdf used on input line 16.
(pdftex.def)             Requested size: 433.62pt x 561.15749pt.
 [27



] [28 <C:/Users/Mike/Documents/AISim/trunk/doc/figs/OverviewUsesDiagram.pdf>] [
29]) [30]
(C:\Users\Mike\Documents\AISim\trunk\doc\conclusion.tex
Chapter 7.
) [31



] (C:\Users\Mike\Documents\AISim\trunk\doc\glossary.tex [32


]) [33]
No file AISim.ind.
No file AISim.gls.
Package atveryend Info: Empty hook `BeforeClearDocument' on input line 127.
Package atveryend Info: Empty hook `AfterLastShipout' on input line 127.
(C:\Users\Mike\Documents\AISim\trunk\doc\AISim.aux
(C:\Users\Mike\Documents\AISim\trunk\doc\introduction.aux)
(C:\Users\Mike\Documents\AISim\trunk\doc\general.aux)
(C:\Users\Mike\Documents\AISim\trunk\doc\systemRequirements.aux)
(C:\Users\Mike\Documents\AISim\trunk\doc\otherFunctionalRequirements.aux)
(C:\Users\Mike\Documents\AISim\trunk\doc\detailedSystemDescription.aux)
(C:\Users\Mike\Documents\AISim\trunk\doc\verification.aux)
(C:\Users\Mike\Documents\AISim\trunk\doc\conclusion.aux)
(C:\Users\Mike\Documents\AISim\trunk\doc\glossary.aux))
Package atveryend Info: Executing hook `AtVeryEndDocument' on input line 127.
Package atveryend Info: Executing hook `AtEndAfterFileList' on input line 127.
Package rerunfilecheck Info: File `AISim.out' has not changed.
(rerunfilecheck)             Checksum: 92B17E4E7591249DE0EF5B8CF598B136;1437.


LaTeX Font Warning: Some font shapes were not available, defaults substituted.


LaTeX Warning: There were multiply-defined labels.

Package atveryend Info: Empty hook `AtVeryVeryEnd' on input line 127.
 )
(\end occurred inside a group at level 1)

### simple group (level 1) entered at line 100 ({)
### bottom level 
Here is how much of TeX's memory you used:
 10738 strings out of 493921
 150355 string characters out of 3147285
 279124 words of memory out of 3000000
 13541 multiletter control sequences out of 15000+200000
 29148 words of font info for 74 fonts, out of 3000000 for 9000
 841 hyphenation exceptions out of 8191
 35i,6n,30p,3321b,549s stack positions out of 5000i,500n,10000p,200000b,50000s
 <C:\Users\Mike\AppData\Local\MiKTeX\2.9\fonts\pk\ljfour\jknapp
en\ec\dpi600\tcrm1200.pk><C:/Program Files/MiKTeX 2.9/fonts/type1/public/amsfon
ts/cm/cmbx12.pfb><C:/Program Files/MiKTeX 2.9/fonts/type1/public/amsfonts/cm/cm
csc10.pfb><C:/Program Files/MiKTeX 2.9/fonts/type1/public/amsfonts/cm/cmr12.pfb
><C:/Program Files/MiKTeX 2.9/fonts/type1/public/amsfonts/cm/cmtt12.pfb>
Output written on AISim.pdf (37 pages, 1490082 bytes).
PDF statistics:
 854 PDF objects out of 1000 (max. 8388607)
 168 named destinations out of 1000 (max. 500000)
 290 words of extra memory for PDF output out of 10000 (max. 10000000)

