This is pdfTeX, Version 3.14159265-2.6-1.40.15 (TeX Live 2014) (preloaded format=pdflatex 2014.5.25)  4 DEC 2014 13:16
entering extended mode
 restricted \write18 enabled.
 file:line:error style messages enabled.
 %&-line parsing enabled.
**AISim.tex
(./AISim.tex
LaTeX2e <2014/05/01>
Babel <3.9k> and hyphenation patterns for 78 languages loaded.
(./thesis.cls
Document Class: thesis 
(/usr/local/texlive/2014/texmf-dist/tex/latex/base/report.cls
Document Class: report 2007/10/19 v1.4h Standard LaTeX document class
(/usr/local/texlive/2014/texmf-dist/tex/latex/base/size12.clo
File: size12.clo 2007/10/19 v1.4h Standard LaTeX file (size option)
)
\c@part=\count79
\c@chapter=\count80
\c@section=\count81
\c@subsection=\count82
\c@subsubsection=\count83
\c@paragraph=\count84
\c@subparagraph=\count85
\c@figure=\count86
\c@table=\count87
\abovecaptionskip=\skip41
\belowcaptionskip=\skip42
\bibindent=\dimen102
)
(/usr/local/texlive/2014/texmf-dist/tex/latex/footmisc/footmisc.sty
Package: footmisc 2011/06/06 v5.5b a miscellany of footnote facilities
\FN@temptoken=\toks14
\footnotemargin=\dimen103
\c@pp@next@reset=\count88
Package footmisc Info: Declaring symbol style bringhurst on input line 855.
Package footmisc Info: Declaring symbol style chicago on input line 863.
Package footmisc Info: Declaring symbol style wiley on input line 872.
Package footmisc Info: Declaring symbol style lamport-robust on input line 883.

Package footmisc Info: Declaring symbol style lamport* on input line 903.
Package footmisc Info: Declaring symbol style lamport*-robust on input line 924
.
))
(/usr/local/texlive/2014/texmf-dist/tex/latex/base/fontenc.sty
Package: fontenc 2005/09/27 v1.99g Standard LaTeX package

(/usr/local/texlive/2014/texmf-dist/tex/latex/base/t1enc.def
File: t1enc.def 2005/09/27 v1.99g Standard LaTeX file
LaTeX Font Info:    Redeclaring font encoding T1 on input line 43.
))
(/usr/local/texlive/2014/texmf-dist/tex/latex/base/textcomp.sty
Package: textcomp 2005/09/27 v1.99g Standard LaTeX package
Package textcomp Info: Sub-encoding information:
(textcomp)               5 = only ISO-Adobe without \textcurrency
(textcomp)               4 = 5 + \texteuro
(textcomp)               3 = 4 + \textohm
(textcomp)               2 = 3 + \textestimated + \textcurrency
(textcomp)               1 = TS1 - \textcircled - \t
(textcomp)               0 = TS1 (full)
(textcomp)             Font families with sub-encoding setting implement
(textcomp)             only a restricted character set as indicated.
(textcomp)             Family '?' is the default used for unknown fonts.
(textcomp)             See the documentation for details.
Package textcomp Info: Setting ? sub-encoding to TS1/1 on input line 71.

(/usr/local/texlive/2014/texmf-dist/tex/latex/base/ts1enc.def
File: ts1enc.def 2001/06/05 v3.0e (jk/car/fm) Standard LaTeX file
)
LaTeX Info: Redefining \oldstylenums on input line 266.
Package textcomp Info: Setting cmr sub-encoding to TS1/0 on input line 281.
Package textcomp Info: Setting cmss sub-encoding to TS1/0 on input line 282.
Package textcomp Info: Setting cmtt sub-encoding to TS1/0 on input line 283.
Package textcomp Info: Setting cmvtt sub-encoding to TS1/0 on input line 284.
Package textcomp Info: Setting cmbr sub-encoding to TS1/0 on input line 285.
Package textcomp Info: Setting cmtl sub-encoding to TS1/0 on input line 286.
Package textcomp Info: Setting ccr sub-encoding to TS1/0 on input line 287.
Package textcomp Info: Setting ptm sub-encoding to TS1/4 on input line 288.
Package textcomp Info: Setting pcr sub-encoding to TS1/4 on input line 289.
Package textcomp Info: Setting phv sub-encoding to TS1/4 on input line 290.
Package textcomp Info: Setting ppl sub-encoding to TS1/3 on input line 291.
Package textcomp Info: Setting pag sub-encoding to TS1/4 on input line 292.
Package textcomp Info: Setting pbk sub-encoding to TS1/4 on input line 293.
Package textcomp Info: Setting pnc sub-encoding to TS1/4 on input line 294.
Package textcomp Info: Setting pzc sub-encoding to TS1/4 on input line 295.
Package textcomp Info: Setting bch sub-encoding to TS1/4 on input line 296.
Package textcomp Info: Setting put sub-encoding to TS1/5 on input line 297.
Package textcomp Info: Setting uag sub-encoding to TS1/5 on input line 298.
Package textcomp Info: Setting ugq sub-encoding to TS1/5 on input line 299.
Package textcomp Info: Setting ul8 sub-encoding to TS1/4 on input line 300.
Package textcomp Info: Setting ul9 sub-encoding to TS1/4 on input line 301.
Package textcomp Info: Setting augie sub-encoding to TS1/5 on input line 302.
Package textcomp Info: Setting dayrom sub-encoding to TS1/3 on input line 303.
Package textcomp Info: Setting dayroms sub-encoding to TS1/3 on input line 304.

Package textcomp Info: Setting pxr sub-encoding to TS1/0 on input line 305.
Package textcomp Info: Setting pxss sub-encoding to TS1/0 on input line 306.
Package textcomp Info: Setting pxtt sub-encoding to TS1/0 on input line 307.
Package textcomp Info: Setting txr sub-encoding to TS1/0 on input line 308.
Package textcomp Info: Setting txss sub-encoding to TS1/0 on input line 309.
Package textcomp Info: Setting txtt sub-encoding to TS1/0 on input line 310.
Package textcomp Info: Setting lmr sub-encoding to TS1/0 on input line 311.
Package textcomp Info: Setting lmdh sub-encoding to TS1/0 on input line 312.
Package textcomp Info: Setting lmss sub-encoding to TS1/0 on input line 313.
Package textcomp Info: Setting lmssq sub-encoding to TS1/0 on input line 314.
Package textcomp Info: Setting lmvtt sub-encoding to TS1/0 on input line 315.
Package textcomp Info: Setting qhv sub-encoding to TS1/0 on input line 316.
Package textcomp Info: Setting qag sub-encoding to TS1/0 on input line 317.
Package textcomp Info: Setting qbk sub-encoding to TS1/0 on input line 318.
Package textcomp Info: Setting qcr sub-encoding to TS1/0 on input line 319.
Package textcomp Info: Setting qcs sub-encoding to TS1/0 on input line 320.
Package textcomp Info: Setting qpl sub-encoding to TS1/0 on input line 321.
Package textcomp Info: Setting qtm sub-encoding to TS1/0 on input line 322.
Package textcomp Info: Setting qzc sub-encoding to TS1/0 on input line 323.
Package textcomp Info: Setting qhvc sub-encoding to TS1/0 on input line 324.
Package textcomp Info: Setting futs sub-encoding to TS1/4 on input line 325.
Package textcomp Info: Setting futx sub-encoding to TS1/4 on input line 326.
Package textcomp Info: Setting futj sub-encoding to TS1/4 on input line 327.
Package textcomp Info: Setting hlh sub-encoding to TS1/3 on input line 328.
Package textcomp Info: Setting hls sub-encoding to TS1/3 on input line 329.
Package textcomp Info: Setting hlst sub-encoding to TS1/3 on input line 330.
Package textcomp Info: Setting hlct sub-encoding to TS1/5 on input line 331.
Package textcomp Info: Setting hlx sub-encoding to TS1/5 on input line 332.
Package textcomp Info: Setting hlce sub-encoding to TS1/5 on input line 333.
Package textcomp Info: Setting hlcn sub-encoding to TS1/5 on input line 334.
Package textcomp Info: Setting hlcw sub-encoding to TS1/5 on input line 335.
Package textcomp Info: Setting hlcf sub-encoding to TS1/5 on input line 336.
Package textcomp Info: Setting pplx sub-encoding to TS1/3 on input line 337.
Package textcomp Info: Setting pplj sub-encoding to TS1/3 on input line 338.
Package textcomp Info: Setting ptmx sub-encoding to TS1/4 on input line 339.
Package textcomp Info: Setting ptmj sub-encoding to TS1/4 on input line 340.
)
(/usr/local/texlive/2014/texmf-dist/tex/latex/amsfonts/amssymb.sty
Package: amssymb 2013/01/14 v3.01 AMS font symbols

(/usr/local/texlive/2014/texmf-dist/tex/latex/amsfonts/amsfonts.sty
Package: amsfonts 2013/01/14 v3.01 Basic AMSFonts support
\@emptytoks=\toks15
\symAMSa=\mathgroup4
\symAMSb=\mathgroup5
LaTeX Font Info:    Overwriting math alphabet `\mathfrak' in version `bold'
(Font)                  U/euf/m/n --> U/euf/b/n on input line 106.
))
(/usr/local/texlive/2014/texmf-dist/tex/latex/base/inputenc.sty
Package: inputenc 2014/04/30 v1.2b Input encoding file
\inpenc@prehook=\toks16
\inpenc@posthook=\toks17

(/usr/local/texlive/2014/texmf-dist/tex/latex/base/latin1.def
File: latin1.def 2014/04/30 v1.2b Input encoding file
))
(/usr/local/texlive/2014/texmf-dist/tex/latex/setspace/setspace.sty
Package: setspace 2011/12/19 v6.7a set line spacing
)
(/usr/local/texlive/2014/texmf-dist/tex/latex/anysize/anysize.sty
Package: anysize 1994/08/13 setting margin sizes

document style option `anysize' loaded
Michael Salzenberg, Thomas Esser, Dirk Hillbrecht
Version 1.0, Aug 13, 1994
\@Leftmargin=\dimen104
\@Rightmargin=\dimen105
\@Topmargin=\dimen106
\@Bottommargin=\dimen107
) (/usr/local/texlive/2014/texmf-dist/tex/generic/xypic/xy.sty
(/usr/local/texlive/2014/texmf-dist/tex/generic/xypic/xy.tex Bootstrap'ing:
catcodes, docmode,
(/usr/local/texlive/2014/texmf-dist/tex/generic/xypic/xyrecat.tex)
(/usr/local/texlive/2014/texmf-dist/tex/generic/xypic/xyidioms.tex)

 Xy-pic version 3.8.9 <2013/10/06>
 Copyright (c) 1991-2013 by Kristoffer H. Rose <krisrose@tug.org> and others
 Xy-pic is free software: see the User's Guide for details.

Loading kernel: messages; fonts; allocations: state,
\X@c=\dimen108
\Y@c=\dimen109
\U@c=\dimen110
\D@c=\dimen111
\L@c=\dimen112
\R@c=\dimen113
\Edge@c=\toks18
\X@p=\dimen114
\Y@p=\dimen115
\U@p=\dimen116
\D@p=\dimen117
\L@p=\dimen118
\R@p=\dimen119
\Edge@p=\toks19
\X@origin=\dimen120
\Y@origin=\dimen121
\X@xbase=\dimen122
\Y@xbase=\dimen123
\X@ybase=\dimen124
\Y@ybase=\dimen125
\X@min=\dimen126
\Y@min=\dimen127
\X@max=\dimen128
\Y@max=\dimen129
\lastobjectbox@=\box26
\zerodotbox@=\box27
\almostz@=\dimen130
 direction,
\d@X=\dimen131
\d@Y=\dimen132
\K@=\count89
\KK@=\count90
\Direction=\count91
\K@dXdY=\dimen133
\K@dYdX=\dimen134
\xyread@=\read1
\xywrite@=\write3
\csp@=\count92
\quotPTK@=\dimen135

utility macros; pictures: \xy, positions,
\swaptoks@@=\toks20
\connectobjectbox@@=\box28
 objects,
\styletoks@=\toks21
 decorations;
kernel objects: directionals, circles, text; options; algorithms: directions,
edges, connections;  Xy-pic loaded)
(/usr/local/texlive/2014/texmf-dist/tex/generic/oberdiek/ifpdf.sty
Package: ifpdf 2011/01/30 v2.3 Provides the ifpdf switch (HO)
Package ifpdf Info: pdfTeX in PDF mode is detected.
)
Package: xy 2013/10/06 Xy-pic version 3.8.9

(/usr/local/texlive/2014/texmf-dist/tex/generic/xypic/xyall.tex
 Xy-pic option: All features v.3.8
(/usr/local/texlive/2014/texmf-dist/tex/generic/xypic/xycurve.tex
 Xy-pic option: Curve and Spline extension v.3.12 curve,
\crv@cnt@=\count93
\crvpts@=\toks22
\splinebox@=\box29
\splineval@=\dimen136
\splinedepth@=\dimen137
\splinetol@=\dimen138
\splinelength@=\dimen139
 circles,
\L@=\dimen140
 loaded)
(/usr/local/texlive/2014/texmf-dist/tex/generic/xypic/xyframe.tex
 Xy-pic option: Frame and Bracket extension v.3.14 loaded)
(/usr/local/texlive/2014/texmf-dist/tex/generic/xypic/xycmtip.tex
 Xy-pic option: Computer Modern tip extension v.3.7
(/usr/local/texlive/2014/texmf-dist/tex/generic/xypic/xytips.tex
 Xy-pic option: More Tips extension v.3.11 loaded) loaded)
(/usr/local/texlive/2014/texmf-dist/tex/generic/xypic/xyline.tex
 Xy-pic option: Line styles extension v.3.10
\xylinethick@=\dimen141
 loaded)
(/usr/local/texlive/2014/texmf-dist/tex/generic/xypic/xyrotate.tex
 Xy-pic option: Rotate and Scale extension v.3.8 loaded)
(/usr/local/texlive/2014/texmf-dist/tex/generic/xypic/xycolor.tex
 Xy-pic option: Colour extension v.3.11 loaded)
(/usr/local/texlive/2014/texmf-dist/tex/generic/xypic/xymatrix.tex
 Xy-pic option: Matrix feature v.3.14
\Row=\count94
\Col=\count95
\queue@=\toks23
\queue@@=\toks24
\qcount@=\count96
\qcount@@=\count97
\matrixsize@=\count98
 loaded)
(/usr/local/texlive/2014/texmf-dist/tex/generic/xypic/xyarrow.tex
 Xy-pic option: Arrow and Path feature v.3.9 path, \ar, loaded)
(/usr/local/texlive/2014/texmf-dist/tex/generic/xypic/xygraph.tex
 Xy-pic option: Graph feature v.3.11 loaded) loaded)
(/usr/local/texlive/2014/texmf-dist/tex/generic/xypic/xypdf.tex
 Xy-pic option: PDF driver v.1.7 Xy-pic pdf driver: `color' extension support
(/usr/local/texlive/2014/texmf-dist/tex/generic/xypic/xypdf-co.tex loaded)
Xy-pic pdf driver: `curve' extension support
(/usr/local/texlive/2014/texmf-dist/tex/generic/xypic/xypdf-cu.tex loaded)
Xy-pic pdf driver: `frame' extension support
(/usr/local/texlive/2014/texmf-dist/tex/generic/xypic/xypdf-fr.tex loaded)
Xy-pic pdf driver: `line' extension support
(/usr/local/texlive/2014/texmf-dist/tex/generic/xypic/xypdf-li.tex loaded)
Xy-pic pdf driver: `rotate' extension support
(/usr/local/texlive/2014/texmf-dist/tex/generic/xypic/xypdf-ro.tex loaded)
loaded)) (/usr/local/texlive/2014/texmf-dist/tex/latex/subfigure/subfigure.sty
Package: subfigure 2002/03/15 v2.1.5 subfigure package
\subfigtopskip=\skip43
\subfigcapskip=\skip44
\subfigcaptopadj=\dimen142
\subfigbottomskip=\skip45
\subfigcapmargin=\dimen143
\subfiglabelskip=\skip46
\c@subfigure=\count99
\c@lofdepth=\count100
\c@subtable=\count101
\c@lotdepth=\count102

****************************************
* Local config file subfigure.cfg used *
****************************************
(/usr/local/texlive/2014/texmf-dist/tex/latex/subfigure/subfigure.cfg)
\subfig@top=\skip47
\subfig@bottom=\skip48
)
(/usr/local/texlive/2014/texmf-dist/tex/latex/multirow/multirow.sty
\bigstrutjot=\dimen144
)
(/usr/local/texlive/2014/texmf-dist/tex/latex/url/url.sty
\Urlmuskip=\muskip10
Package: url 2013/09/16  ver 3.4  Verb mode for urls, etc.
)
(/usr/local/texlive/2014/texmf-dist/tex/latex/amsmath/amsmath.sty
Package: amsmath 2013/01/14 v2.14 AMS math features
\@mathmargin=\skip49

For additional information on amsmath, use the `?' option.
(/usr/local/texlive/2014/texmf-dist/tex/latex/amsmath/amstext.sty
Package: amstext 2000/06/29 v2.01

(/usr/local/texlive/2014/texmf-dist/tex/latex/amsmath/amsgen.sty
File: amsgen.sty 1999/11/30 v2.0
\@emptytoks=\toks25
\ex@=\dimen145
))
(/usr/local/texlive/2014/texmf-dist/tex/latex/amsmath/amsbsy.sty
Package: amsbsy 1999/11/29 v1.2d
\pmbraise@=\dimen146
)
(/usr/local/texlive/2014/texmf-dist/tex/latex/amsmath/amsopn.sty
Package: amsopn 1999/12/14 v2.01 operator names
)
\inf@bad=\count103
LaTeX Info: Redefining \frac on input line 210.
\uproot@=\count104
\leftroot@=\count105
LaTeX Info: Redefining \overline on input line 306.
\classnum@=\count106
\DOTSCASE@=\count107
LaTeX Info: Redefining \ldots on input line 378.
LaTeX Info: Redefining \dots on input line 381.
LaTeX Info: Redefining \cdots on input line 466.
\Mathstrutbox@=\box30
\strutbox@=\box31
\big@size=\dimen147
LaTeX Font Info:    Redeclaring font encoding OML on input line 566.
LaTeX Font Info:    Redeclaring font encoding OMS on input line 567.
\macc@depth=\count108
\c@MaxMatrixCols=\count109
\dotsspace@=\muskip11
\c@parentequation=\count110
\dspbrk@lvl=\count111
\tag@help=\toks26
\row@=\count112
\column@=\count113
\maxfields@=\count114
\andhelp@=\toks27
\eqnshift@=\dimen148
\alignsep@=\dimen149
\tagshift@=\dimen150
\tagwidth@=\dimen151
\totwidth@=\dimen152
\lineht@=\dimen153
\@envbody=\toks28
\multlinegap=\skip50
\multlinetaggap=\skip51
\mathdisplay@stack=\toks29
LaTeX Info: Redefining \[ on input line 2665.
LaTeX Info: Redefining \] on input line 2666.
)
(/usr/local/texlive/2014/texmf-dist/tex/latex/float/float.sty
Package: float 2001/11/08 v1.3d Float enhancements (AL)
\c@float@type=\count115
\float@exts=\toks30
\float@box=\box32
\@float@everytoks=\toks31
\@floatcapt=\box33
)
(/usr/local/texlive/2014/texmf-dist/tex/latex/tools/tabularx.sty
Package: tabularx 2014/05/13 v2.10 `tabularx' package (DPC)

(/usr/local/texlive/2014/texmf-dist/tex/latex/tools/array.sty
Package: array 2008/09/09 v2.4c Tabular extension package (FMi)
\col@sep=\dimen154
\extrarowheight=\dimen155
\NC@list=\toks32
\extratabsurround=\skip52
\backup@length=\skip53
)
\TX@col@width=\dimen156
\TX@old@table=\dimen157
\TX@old@col=\dimen158
\TX@target=\dimen159
\TX@delta=\dimen160
\TX@cols=\count116
\TX@ftn=\toks33
)
(/usr/local/texlive/2014/texmf-dist/tex/latex/aeguill/aeguill.sty
Package: aeguill 2003/08/02 1.02 AE fonts with french guillemets (D. Roegel)

(/usr/local/texlive/2014/texmf-dist/tex/latex/ae/ae.sty
Package: ae 2001/02/12 1.3 Almost European Computer Modern

(/usr/local/texlive/2014/texmf-dist/tex/latex/base/fontenc.sty
Package: fontenc 2005/09/27 v1.99g Standard LaTeX package

(/usr/local/texlive/2014/texmf-dist/tex/latex/base/t1enc.def
File: t1enc.def 2005/09/27 v1.99g Standard LaTeX file
LaTeX Font Info:    Redeclaring font encoding T1 on input line 43.
)
LaTeX Font Info:    Try loading font information for T1+aer on input line 100.

(/usr/local/texlive/2014/texmf-dist/tex/latex/ae/t1aer.fd
File: t1aer.fd 1997/11/16 Font definitions for T1/aer.
))))
(/usr/local/texlive/2014/texmf-dist/tex/latex/graphics/graphicx.sty
Package: graphicx 2014/04/25 v1.0g Enhanced LaTeX Graphics (DPC,SPQR)

(/usr/local/texlive/2014/texmf-dist/tex/latex/graphics/keyval.sty
Package: keyval 2014/05/08 v1.15 key=value parser (DPC)
\KV@toks@=\toks34
)
(/usr/local/texlive/2014/texmf-dist/tex/latex/graphics/graphics.sty
Package: graphics 2009/02/05 v1.0o Standard LaTeX Graphics (DPC,SPQR)

(/usr/local/texlive/2014/texmf-dist/tex/latex/graphics/trig.sty
Package: trig 1999/03/16 v1.09 sin cos tan (DPC)
)
(/usr/local/texlive/2014/texmf-dist/tex/latex/latexconfig/graphics.cfg
File: graphics.cfg 2010/04/23 v1.9 graphics configuration of TeX Live
)
Package graphics Info: Driver file: pdftex.def on input line 91.

(/usr/local/texlive/2014/texmf-dist/tex/latex/pdftex-def/pdftex.def
File: pdftex.def 2011/05/27 v0.06d Graphics/color for pdfTeX

(/usr/local/texlive/2014/texmf-dist/tex/generic/oberdiek/infwarerr.sty
Package: infwarerr 2010/04/08 v1.3 Providing info/warning/error messages (HO)
)
(/usr/local/texlive/2014/texmf-dist/tex/generic/oberdiek/ltxcmds.sty
Package: ltxcmds 2011/11/09 v1.22 LaTeX kernel commands for general use (HO)
)
\Gread@gobject=\count117
))
\Gin@req@height=\dimen161
\Gin@req@width=\dimen162
)
(/usr/local/texlive/2014/texmf-dist/tex/latex/graphics/color.sty
Package: color 2014/04/23 v1.1a Standard LaTeX Color (DPC)

(/usr/local/texlive/2014/texmf-dist/tex/latex/latexconfig/color.cfg
File: color.cfg 2007/01/18 v1.5 color configuration of teTeX/TeXLive
)
Package color Info: Driver file: pdftex.def on input line 137.
)
(/usr/local/texlive/2014/texmf-dist/tex/generic/thumbpdf/thumbpdf.sty
Package: thumbpdf 2012/04/18 v3.15 Inclusion of thumbnails (HO)


Package thumbpdf Warning: Compressed PDF objects of PDF 1.5 are not supported.


Package thumbpdf Warning: Thumbnail data file `AISim.tpt' not found.

) (/usr/local/texlive/2014/texmf-dist/tex/latex/hyperref/hyperref.sty
Package: hyperref 2012/11/06 v6.83m Hypertext links for LaTeX

(/usr/local/texlive/2014/texmf-dist/tex/generic/oberdiek/hobsub-hyperref.sty
Package: hobsub-hyperref 2012/05/28 v1.13 Bundle oberdiek, subset hyperref (HO)


(/usr/local/texlive/2014/texmf-dist/tex/generic/oberdiek/hobsub-generic.sty
Package: hobsub-generic 2012/05/28 v1.13 Bundle oberdiek, subset generic (HO)
Package: hobsub 2012/05/28 v1.13 Construct package bundles (HO)
Package hobsub Info: Skipping package `infwarerr' (already loaded).
Package hobsub Info: Skipping package `ltxcmds' (already loaded).
Package: ifluatex 2010/03/01 v1.3 Provides the ifluatex switch (HO)
Package ifluatex Info: LuaTeX not detected.
Package: ifvtex 2010/03/01 v1.5 Detect VTeX and its facilities (HO)
Package ifvtex Info: VTeX not detected.
Package: intcalc 2007/09/27 v1.1 Expandable calculations with integers (HO)
Package hobsub Info: Skipping package `ifpdf' (already loaded).
Package: etexcmds 2011/02/16 v1.5 Avoid name clashes with e-TeX commands (HO)
Package etexcmds Info: Could not find \expanded.
(etexcmds)             That can mean that you are not using pdfTeX 1.50 or
(etexcmds)             that some package has redefined \expanded.
(etexcmds)             In the latter case, load this package earlier.
Package: kvsetkeys 2012/04/25 v1.16 Key value parser (HO)
Package: kvdefinekeys 2011/04/07 v1.3 Define keys (HO)
Package: pdftexcmds 2011/11/29 v0.20 Utility functions of pdfTeX for LuaTeX (HO
)
Package pdftexcmds Info: LuaTeX not detected.
Package pdftexcmds Info: \pdf@primitive is available.
Package pdftexcmds Info: \pdf@ifprimitive is available.
Package pdftexcmds Info: \pdfdraftmode found.
Package: pdfescape 2011/11/25 v1.13 Implements pdfTeX's escape features (HO)
Package: bigintcalc 2012/04/08 v1.3 Expandable calculations on big integers (HO
)
Package: bitset 2011/01/30 v1.1 Handle bit-vector datatype (HO)
Package: uniquecounter 2011/01/30 v1.2 Provide unlimited unique counter (HO)
)
Package hobsub Info: Skipping package `hobsub' (already loaded).
Package: letltxmacro 2010/09/02 v1.4 Let assignment for LaTeX macros (HO)
Package: hopatch 2012/05/28 v1.2 Wrapper for package hooks (HO)
Package: xcolor-patch 2011/01/30 xcolor patch
Package: atveryend 2011/06/30 v1.8 Hooks at the very end of document (HO)
Package atveryend Info: \enddocument detected (standard20110627).
Package: atbegshi 2011/10/05 v1.16 At begin shipout hook (HO)
Package: refcount 2011/10/16 v3.4 Data extraction from label references (HO)
Package: hycolor 2011/01/30 v1.7 Color options for hyperref/bookmark (HO)
)
(/usr/local/texlive/2014/texmf-dist/tex/generic/ifxetex/ifxetex.sty
Package: ifxetex 2010/09/12 v0.6 Provides ifxetex conditional
)
(/usr/local/texlive/2014/texmf-dist/tex/latex/oberdiek/auxhook.sty
Package: auxhook 2011/03/04 v1.3 Hooks for auxiliary files (HO)
)
(/usr/local/texlive/2014/texmf-dist/tex/latex/oberdiek/kvoptions.sty
Package: kvoptions 2011/06/30 v3.11 Key value format for package options (HO)
)
\@linkdim=\dimen163
\Hy@linkcounter=\count118
\Hy@pagecounter=\count119

(/usr/local/texlive/2014/texmf-dist/tex/latex/hyperref/pd1enc.def
File: pd1enc.def 2012/11/06 v6.83m Hyperref: PDFDocEncoding definition (HO)
)
\Hy@SavedSpaceFactor=\count120

(/usr/local/texlive/2014/texmf-dist/tex/latex/latexconfig/hyperref.cfg
File: hyperref.cfg 2002/06/06 v1.2 hyperref configuration of TeXLive
)
Package hyperref Info: Option `colorlinks' set `true' on input line 4319.
Package hyperref Info: Option `linktocpage' set `true' on input line 4319.
Package hyperref Info: Option `plainpages' set `false' on input line 4319.
Package hyperref Info: Option `bookmarksopen' set `true' on input line 4319.
Package hyperref Info: Option `bookmarksnumbered' set `true' on input line 4319
.
Package hyperref Info: Hyper figures OFF on input line 4443.
Package hyperref Info: Link nesting OFF on input line 4448.
Package hyperref Info: Hyper index ON on input line 4451.
Package hyperref Info: Plain pages OFF on input line 4458.
Package hyperref Info: Backreferencing ON on input line 4461.
Package hyperref Info: Implicit mode ON; LaTeX internals redefined.
Package hyperref Info: Bookmarks ON on input line 4688.

(/usr/local/texlive/2014/texmf-dist/tex/latex/hyperref/backref.sty
Package: backref 2012/07/25 v1.38 Bibliographical back referencing

(/usr/local/texlive/2014/texmf-dist/tex/latex/oberdiek/rerunfilecheck.sty
Package: rerunfilecheck 2011/04/15 v1.7 Rerun checks for auxiliary files (HO)
Package uniquecounter Info: New unique counter `rerunfilecheck' on input line 2
82.
))
\c@Hy@tempcnt=\count121
LaTeX Info: Redefining \url on input line 5041.
\XeTeXLinkMargin=\dimen164
\Fld@menulength=\count122
\Field@Width=\dimen165
\Fld@charsize=\dimen166
Package hyperref Info: Hyper figures OFF on input line 6295.
Package hyperref Info: Link nesting OFF on input line 6300.
Package hyperref Info: Hyper index ON on input line 6303.
Package hyperref Info: backreferencing ON on input line 6308.
Package hyperref Info: Link coloring ON on input line 6313.
Package hyperref Info: Link coloring with OCG OFF on input line 6320.
Package hyperref Info: PDF/A mode OFF on input line 6325.
LaTeX Info: Redefining \ref on input line 6365.
LaTeX Info: Redefining \pageref on input line 6369.
\Hy@abspage=\count123
\c@Item=\count124
\c@Hfootnote=\count125
)

Package hyperref Message: Driver: hpdftex.

(/usr/local/texlive/2014/texmf-dist/tex/latex/hyperref/hpdftex.def
File: hpdftex.def 2012/11/06 v6.83m Hyperref driver for pdfTeX
\Fld@listcount=\count126
\c@bookmark@seq@number=\count127
\Hy@SectionHShift=\skip54
)
(/usr/local/texlive/2014/texmf-dist/tex/latex/base/makeidx.sty
Package: makeidx 2000/03/29 v1.0m Standard LaTeX package
)
\@indexfile=\write4
\openout4 = `AISim.idx'.


Writing index file AISim.idx

! LaTeX Error: File `glossary.sty' not found.

Type X to quit or <RETURN> to proceed,
or enter new name. (Default extension: sty)

Enter file name: 

./AISim.tex:72: LaTeX Error: Unknown option `style=super' for package `glossary
'.

See the LaTeX manual or LaTeX Companion for explanation.
Type  H <return>  for immediate help.
 ...                                              
                                                  
l.72 \makeglossary
                                                % creates paper.glo glossary...

? 

./AISim.tex:72: LaTeX Error: Unknown option `cols=3' for package `glossary'.

See the LaTeX manual or LaTeX Companion for explanation.
Type  H <return>  for immediate help.
 ...                                              
                                                  
l.72 \makeglossary
                                                % creates paper.glo glossary...

? 
\@glossaryfile=\write5
\openout5 = `AISim.glo'.

Writing glossary file AISim.glo 
\c@example=\count128
\c@proof=\count129
(./AISim.aux (./introduction.aux) (./general.aux) (./systemRequirements.aux)
(./otherFunctionalRequirements.aux) (./detailedSystemDescription.aux

LaTeX Warning: Label `fig:input' multiply defined.

) (./verification.aux

LaTeX Warning: Label `table:nonlin' multiply defined.


LaTeX Warning: Label `table:nonlin' multiply defined.

) (./conclusion.aux) (./glossary.aux))
\openout1 = `AISim.aux'.

LaTeX Font Info:    Checking defaults for OML/cmm/m/it on input line 85.
LaTeX Font Info:    ... okay on input line 85.
LaTeX Font Info:    Checking defaults for T1/cmr/m/n on input line 85.
LaTeX Font Info:    ... okay on input line 85.
LaTeX Font Info:    Checking defaults for OT1/cmr/m/n on input line 85.
LaTeX Font Info:    ... okay on input line 85.
LaTeX Font Info:    Checking defaults for OMS/cmsy/m/n on input line 85.
LaTeX Font Info:    ... okay on input line 85.
LaTeX Font Info:    Checking defaults for OMX/cmex/m/n on input line 85.
LaTeX Font Info:    ... okay on input line 85.
LaTeX Font Info:    Checking defaults for U/cmr/m/n on input line 85.
LaTeX Font Info:    ... okay on input line 85.
LaTeX Font Info:    Checking defaults for TS1/cmr/m/n on input line 85.
LaTeX Font Info:    Try loading font information for TS1+cmr on input line 85.

(/usr/local/texlive/2014/texmf-dist/tex/latex/base/ts1cmr.fd
File: ts1cmr.fd 1999/05/25 v2.5h Standard LaTeX font definitions
)
LaTeX Font Info:    ... okay on input line 85.
LaTeX Font Info:    Checking defaults for PD1/pdf/m/n on input line 85.
LaTeX Font Info:    ... okay on input line 85.
LaTeX Font Info:    Try loading font information for U+msa on input line 85.

(/usr/local/texlive/2014/texmf-dist/tex/latex/amsfonts/umsa.fd
File: umsa.fd 2013/01/14 v3.01 AMS symbols A
)
LaTeX Font Info:    Try loading font information for U+msb on input line 85.

(/usr/local/texlive/2014/texmf-dist/tex/latex/amsfonts/umsb.fd
File: umsb.fd 2013/01/14 v3.01 AMS symbols B
)
Package xypdf Info: Line width: 0.47998pt on input line 85.

(/usr/local/texlive/2014/texmf-dist/tex/context/base/supp-pdf.mkii
[Loading MPS to PDF converter (version 2006.09.02).]
\scratchcounter=\count130
\scratchdimen=\dimen167
\scratchbox=\box34
\nofMPsegments=\count131
\nofMParguments=\count132
\everyMPshowfont=\toks35
\MPscratchCnt=\count133
\MPscratchDim=\dimen168
\MPnumerator=\count134
\makeMPintoPDFobject=\count135
\everyMPtoPDFconversion=\toks36
) (/usr/local/texlive/2014/texmf-dist/tex/latex/oberdiek/epstopdf-base.sty
Package: epstopdf-base 2010/02/09 v2.5 Base part for package epstopdf

(/usr/local/texlive/2014/texmf-dist/tex/latex/oberdiek/grfext.sty
Package: grfext 2010/08/19 v1.1 Manage graphics extensions (HO)
)
Package grfext Info: Graphics extension search list:
(grfext)             [.png,.pdf,.jpg,.mps,.jpeg,.jbig2,.jb2,.PNG,.PDF,.JPG,.JPE
G,.JBIG2,.JB2,.eps]
(grfext)             \AppendGraphicsExtensions on input line 452.

(/usr/local/texlive/2014/texmf-dist/tex/latex/latexconfig/epstopdf-sys.cfg
File: epstopdf-sys.cfg 2010/07/13 v1.3 Configuration of (r)epstopdf for TeX Liv
e
))
\AtBeginShipoutBox=\box35
Package hyperref Info: Link coloring ON on input line 85.

(/usr/local/texlive/2014/texmf-dist/tex/latex/hyperref/nameref.sty
Package: nameref 2012/10/27 v2.43 Cross-referencing by name of section

(/usr/local/texlive/2014/texmf-dist/tex/generic/oberdiek/gettitlestring.sty
Package: gettitlestring 2010/12/03 v1.4 Cleanup title references (HO)
)
\c@section@level=\count136
)
LaTeX Info: Redefining \ref on input line 85.
LaTeX Info: Redefining \pageref on input line 85.
LaTeX Info: Redefining \nameref on input line 85.

(./AISim.out) (./AISim.out)
\@outlinefile=\write6
\openout6 = `AISim.out'.

 (./titlepage.tex [1

{/usr/local/texlive/2014/texmf-var/fonts/map/pdftex/updmap/pdftex.map}]
LaTeX Font Info:    Try loading font information for TS1+aer on input line 41.
LaTeX Font Info:    No file TS1aer.fd. on input line 41.


LaTeX Font Warning: Font shape `TS1/aer/m/n' undefined
(Font)              using `TS1/cmr/m/n' instead
(Font)              for symbol `textbullet' on input line 41.

LaTeX Font Info:    Try loading font information for T1+aett on input line 54.
(/usr/local/texlive/2014/texmf-dist/tex/latex/ae/t1aett.fd
File: t1aett.fd 1997/11/16 Font definitions for T1/aett.
))
Underfull \hbox (badness 10000) in paragraph at lines 54--90

 []

[2] (./AISim.toc)
\tf@toc=\write7
\openout7 = `AISim.toc'.

 [3

] (./AISim.lof)
\tf@lof=\write8
\openout8 = `AISim.lof'.

 [4

] [5]
\openout2 = `introduction.aux'.

 (./introduction.tex
Chapter 1.
[1


]) [2]
\openout2 = `general.aux'.

 (./general.tex
Chapter 2.
) [3



]
\openout2 = `systemRequirements.aux'.

 (./systemRequirements.tex
Chapter 3.
<figs/ERD.pdf, id=217, 578.16pt x 433.62pt>
File: figs/ERD.pdf Graphic file (type pdf)
 <use figs/ERD.pdf>
Package pdftex.def Info: figs/ERD.pdf used on input line 13.
(pdftex.def)             Requested size: 469.75499pt x 352.31538pt.
 [4



] [5 <./figs/ERD.pdf>] [6] [7] <figs/NewNodeMessage.pdf, id=415, 453.1329pt x 4
83.4863pt>
File: figs/NewNodeMessage.pdf Graphic file (type pdf)

<use figs/NewNodeMessage.pdf>
Package pdftex.def Info: figs/NewNodeMessage.pdf used on input line 166.
(pdftex.def)             Requested size: 361.34999pt x 385.55753pt.
 [8 <./figs/NewNodeMessage.pdf>] [9] [10]
<figs/TaskTree.pdf, id=441, 722.7pt x 406.51875pt>
File: figs/TaskTree.pdf Graphic file (type pdf)
 <use figs/TaskTree.pdf>
Package pdftex.def Info: figs/TaskTree.pdf used on input line 325.
(pdftex.def)             Requested size: 469.75499pt x 264.24025pt.

[11] [12 <./figs/TaskTree.pdf>] [13]) [14]
\openout2 = `otherFunctionalRequirements.aux'.

 (./otherFunctionalRequirements.tex
Chapter 4.
) [15



]
\openout2 = `detailedSystemDescription.aux'.

 (./detailedSystemDescription.tex
Chapter 5.
<figs/packageUSES.pdf, id=505, 682.86612pt x 768.22438pt>
File: figs/packageUSES.pdf Graphic file (type pdf)

<use figs/packageUSES.pdf>
Package pdftex.def Info: figs/packageUSES.pdf used on input line 10.
(pdftex.def)             Requested size: 216.81pt x 245.08488pt.
 [16



 <./figs/packageUSES.pdf>]
<figs/simPackage.pdf, id=519, 308.5929pt x 338.94629pt>
File: figs/simPackage.pdf Graphic file (type pdf)

<use figs/simPackage.pdf>
Package pdftex.def Info: figs/simPackage.pdf used on input line 56.
(pdftex.def)             Requested size: 252.94499pt x 216.13571pt.
 [17]
<figs/applicationUML.pdf, id=528, 312.98033pt x 142.26378pt>
File: figs/applicationUML.pdf Graphic file (type pdf)

<use figs/applicationUML.pdf>
Package pdftex.def Info: figs/applicationUML.pdf used on input line 71.
(pdftex.def)             Requested size: 108.405pt x 49.27425pt.

Underfull \hbox (badness 10000) in paragraph at lines 76--77

 []


Underfull \hbox (badness 10000) in paragraph at lines 79--80

 []

[18 <./figs/simPackage.pdf> <./figs/applicationUML.pdf

pdfTeX warning: /usr/texbin/pdflatex (file ./figs/applicationUML.pdf): PDF incl
usion: multiple pdfs with page group included in a single page
>] <figs/inputUML.pdf, id=575, 1650.25984pt x 569.05513pt>
File: figs/inputUML.pdf Graphic file (type pdf)

<use figs/inputUML.pdf>
Package pdftex.def Info: figs/inputUML.pdf used on input line 83.
(pdftex.def)             Requested size: 361.34999pt x 124.60207pt.

Underfull \hbox (badness 10000) in paragraph at lines 89--90

 []


Underfull \hbox (badness 10000) in paragraph at lines 91--92

 []

<figs/outputUML.pdf, id=576, 1138.11024pt x 682.86612pt>
File: figs/outputUML.pdf Graphic file (type pdf)

<use figs/outputUML.pdf>
Package pdftex.def Info: figs/outputUML.pdf used on input line 96.
(pdftex.def)             Requested size: 144.54pt x 86.72302pt.

Underfull \hbox (badness 10000) in paragraph at lines 101--102

 []

[19 <./figs/inputUML.pdf> <./figs/outputUML.pdf

pdfTeX warning: /usr/texbin/pdflatex (file ./figs/outputUML.pdf): PDF inclusion
: multiple pdfs with page group included in a single page
>]
Underfull \hbox (badness 10000) in paragraph at lines 104--105

 []


Underfull \hbox (badness 10000) in paragraph at lines 107--108

 []


Underfull \hbox (badness 10000) in paragraph at lines 110--111

 []

<figs/simulationUML.pdf, id=627, 2361.57869pt x 1507.99605pt>
File: figs/simulationUML.pdf Graphic file (type pdf)

<use figs/simulationUML.pdf>
Package pdftex.def Info: figs/simulationUML.pdf used on input line 114.
(pdftex.def)             Requested size: 433.62pt x 276.88098pt.

Underfull \hbox (badness 10000) in paragraph at lines 121--122

 []

[20 <./figs/simulationUML.pdf>]
Underfull \hbox (badness 10000) in paragraph at lines 123--124

 []


Underfull \hbox (badness 10000) in paragraph at lines 125--126

 []


Underfull \hbox (badness 10000) in paragraph at lines 127--128

 []


Underfull \hbox (badness 10000) in paragraph at lines 137--138

 []

<figs/tasktreeUML.pdf, id=662, 2077.0511pt x 1109.65752pt>
File: figs/tasktreeUML.pdf Graphic file (type pdf)

<use figs/tasktreeUML.pdf>
Package pdftex.def Info: figs/tasktreeUML.pdf used on input line 142.
(pdftex.def)             Requested size: 433.62pt x 231.64653pt.
 [21]
Underfull \hbox (badness 10000) in paragraph at lines 147--148

 []


Underfull \hbox (badness 10000) in paragraph at lines 153--154

 []


Underfull \hbox (badness 10000) in paragraph at lines 155--156

 []


Underfull \hbox (badness 10000) in paragraph at lines 157--158

 []


Underfull \hbox (badness 10000) in paragraph at lines 159--160

 []

[22 <./figs/tasktreeUML.pdf>]) [23]
\openout2 = `verification.aux'.

 (./verification.tex
Chapter 6.

Overfull \hbox (3.76392pt too wide) in paragraph at lines 25--25
[]|\T1/aer/m/n/12 ConfigurationDataTest| 
 []


Underfull \hbox (badness 3098) in paragraph at lines 25--25
[]|\T1/aer/m/n/12 Tests the con-fig-u-ra-
 []


Underfull \hbox (badness 1796) in paragraph at lines 25--25
\T1/aer/m/n/12 er-a-tion of a de-fault
 []


Overfull \hbox (5.73193pt too wide) in paragraph at lines 26--26
[]|\T1/aer/m/n/12 ConfigurationParserTe-
 []


Underfull \hbox (badness 2343) in paragraph at lines 26--26
[]|\T1/aer/m/n/12 Test if the data is
 []


Underfull \hbox (badness 10000) in paragraph at lines 26--26
\T1/aer/m/n/12 to the Con-fig-u-ra-
 []


Underfull \hbox (badness 10000) in paragraph at lines 27--27
[]|\T1/aer/m/n/12 testToSpring, test-
 []


Underfull \hbox (badness 1264) in paragraph at lines 27--27
\T1/aer/m/n/12 FileEr-ror, tes-tEx-cep-
 []


Underfull \hbox (badness 4416) in paragraph at lines 27--27
[]|\T1/aer/m/n/12 Test for cor-rect-ness
 []


Underfull \hbox (badness 2689) in paragraph at lines 28--28
[]|\T1/aer/m/n/12 Test the in-put and
 []


Underfull \hbox (badness 10000) in paragraph at lines 29--29
[]|\T1/aer/m/n/12 basicConstructorTest,
 []


Underfull \hbox (badness 2600) in paragraph at lines 29--29
\T1/aer/m/n/12 test-Parse, ex-cep-tion-
 []


Underfull \hbox (badness 10000) in paragraph at lines 29--29
\T1/aer/m/n/12 Test, test-Not-Null,
 []


Underfull \hbox (badness 1460) in paragraph at lines 29--29
[]|\T1/aer/m/n/12 Test for valid in-put
 []


Underfull \hbox (badness 6461) in paragraph at lines 29--29
\T1/aer/m/n/12 data and ex-cep-tion
 []


Underfull \hbox (badness 10000) in paragraph at lines 30--30
[]|\T1/aer/m/n/12 testformattFileDest-
 []


Underfull \hbox (badness 10000) in paragraph at lines 31--31
[]|\T1/aer/m/n/12 testformattFileDest-
 []


Underfull \hbox (badness 10000) in paragraph at lines 31--31
\T1/aer/m/n/12 ina-tionOne, test-
 []


Underfull \hbox (badness 10000) in paragraph at lines 31--31
\T1/aer/m/n/12 for-mat-tFileDes-ti-na-
 []


Overfull \hbox (4.15991pt too wide) in paragraph at lines 32--32
[]|\T1/aer/m/n/12 AgentRegistrationMes-
 []


Overfull \hbox (7.40001pt too wide) in paragraph at lines 33--33
[]|\T1/aer/m/n/12 AskMethodStatusMess-
 []


Underfull \hbox (badness 10000) in paragraph at lines 34--34
[]|\T1/aer/m/n/12 ConfirmMethodStart-
 []


Overfull \hbox (5.3359pt too wide) in paragraph at lines 36--36
[]|\T1/aer/m/n/12 getMessageFromJSON-
 []


Underfull \hbox (badness 10000) in paragraph at lines 36--36
\T1/aer/m/n/12 Un-known-Test,
 []


Underfull \hbox (badness 10000) in paragraph at lines 36--36
\T1/aer/m/n/12 getMes-sage-FromJ-
 []

[24



]
Underfull \hbox (badness 10000) in paragraph at lines 50--50
[]|\T1/aer/m/n/12 NotifyMethodCompl-
 []


Underfull \hbox (badness 1748) in paragraph at lines 50--50
\T1/aer/m/n/12 method on com-pe-ti-
 []


Overfull \hbox (10.77184pt too wide) in paragraph at lines 51--51
[]|\T1/aer/m/n/12 NotifyMethodStatusMe-
 []


Underfull \hbox (badness 1803) in paragraph at lines 51--51
[]|\T1/aer/m/n/12 Returns the method
 []


Overfull \hbox (5.04784pt too wide) in paragraph at lines 52--52
[]|\T1/aer/m/n/12 NotifyRelationshipAct-
 []


Overfull \hbox (7.78392pt too wide) in paragraph at lines 53--53
[]|\T1/aer/m/n/12 ServerCommunicateTh-
 []


Underfull \hbox (badness 10000) in paragraph at lines 53--53
[]|\T1/aer/m/n/12 testRun,
 []


Underfull \hbox (badness 10000) in paragraph at lines 53--53
\T1/aer/m/n/12 testHandleMes-sage,
 []


Underfull \hbox (badness 10000) in paragraph at lines 53--53
\T1/aer/m/n/12 test-Bad-Han-dleMes-
 []


Underfull \hbox (badness 10000) in paragraph at lines 53--53
\T1/aer/m/n/12 sage, tes-BadRun
 []


Overfull \hbox (3.0919pt too wide) in paragraph at lines 54--54
[]|\T1/aer/m/n/12 testBadRunSocketFail,
 []


Underfull \hbox (badness 10000) in paragraph at lines 54--54
\T1/aer/m/n/12 test-BadRun-Cre-ate-
 []


Underfull \hbox (badness 10000) in paragraph at lines 54--54
\T1/aer/m/n/12 Fail, test-BadRun-
 []


Underfull \hbox (badness 10000) in paragraph at lines 54--54
\T1/aer/m/n/12 Null-Name, test-
 []


Underfull \hbox (badness 10000) in paragraph at lines 54--54
\T1/aer/m/n/12 BadRun-Read-Fail,
 []


Underfull \hbox (badness 10000) in paragraph at lines 54--54
\T1/aer/m/n/12 test-BadRunAc-cept-
 []


Overfull \hbox (4.17212pt too wide) in paragraph at lines 55--55
[]|\T1/aer/m/n/12 SetRandomSeedMessa-
 []


Underfull \hbox (badness 4660) in paragraph at lines 55--55
\T1/aer/m/n/12 mu-ni-ca-tion for ran-
 []


Overfull \hbox (6.61987pt too wide) in paragraph at lines 56--56
[]|\T1/aer/m/n/12 StartMethodMessageT-
 []


Underfull \hbox (badness 10000) in paragraph at lines 57--57
\T1/aer/m/n/12 mes-sages from the
 []


Underfull \hbox (badness 10000) in paragraph at lines 58--58
[]|\T1/aer/m/n/12 testSimOneAgent,
 []


Underfull \hbox (badness 10000) in paragraph at lines 58--58
\T1/aer/m/n/12 test-SimFin-ishesTree-
 []


Underfull \hbox (badness 10000) in paragraph at lines 58--58
\T1/aer/m/n/12 Done, testA-gent-
 []


Underfull \hbox (badness 1112) in paragraph at lines 58--58
\T1/aer/m/n/12 changes in sim-u-la-tor
 []


Overfull \hbox (2.34799pt too wide) in paragraph at lines 59--59
[]|\T1/aer/m/n/12 DisablesNodeRelation-
 []


Underfull \hbox (badness 2707) in paragraph at lines 59--59
\T1/aer/m/n/12 la-tion-ship for meth-
 []

[25]
Overfull \vbox (3.26265pt too high) has occurred while \output is active []


[26]
Overfull \hbox (5.86374pt too wide) in paragraph at lines 74--74
[]|\T1/aer/m/n/12 FacilitatesNodeRelatio-
 []


Overfull \hbox (4.14804pt too wide) in paragraph at lines 75--75
[]|\T1/aer/m/n/12 HindersNodeRelations-
 []


Underfull \hbox (badness 10000) in paragraph at lines 76--76
[]|\T1/aer/m/n/12 Tests if method
 []


Underfull \hbox (badness 5637) in paragraph at lines 76--76
\T1/aer/m/n/12 re-turns all the at-
 []


Overfull \hbox (7.00378pt too wide) in paragraph at lines 77--77
[]|\T1/aer/m/n/12 testCalculateQualityFr-
 []


Underfull \hbox (badness 10000) in paragraph at lines 77--77
\T1/aer/m/n/12 om-Chil-dren,
 []


Underfull \hbox (badness 10000) in paragraph at lines 77--77
\T1/aer/m/n/12 testCheck-IsFin-ished,
 []


Overfull \hbox (4.07578pt too wide) in paragraph at lines 78--78
[]|\T1/aer/m/n/12 testActivateAllRelatio-
 []


Underfull \hbox (badness 10000) in paragraph at lines 78--78
\T1/aer/m/n/12 nships, test-Get-To-
 []


Underfull \hbox (badness 10000) in paragraph at lines 78--78
\T1/aer/m/n/12 talQual-ity, test-
 []


Underfull \hbox (badness 10000) in paragraph at lines 78--78
\T1/aer/m/n/12 Get-To-talQual-ity,
 []


Underfull \hbox (badness 10000) in paragraph at lines 78--78
\T1/aer/m/n/12 tes-tAddNode, test-
 []


Underfull \hbox (badness 10000) in paragraph at lines 78--78
\T1/aer/m/n/12 Com-puteEar-li-est-
 []


Underfull \hbox (badness 10000) in paragraph at lines 78--78
\T1/aer/m/n/12 Star-tAnd-Dead-
 []


Underfull \hbox (badness 10000) in paragraph at lines 78--78
\T1/aer/m/n/12 line, test-Task-Tree,
 []


Underfull \hbox (badness 10000) in paragraph at lines 78--78
\T1/aer/m/n/12 testFind-Vis-i-ble-ToA-
 []


Underfull \hbox (badness 5022) in paragraph at lines 78--78
\T1/aer/m/n/12 gents, test-New-Head,
 []


Underfull \hbox (badness 7522) in paragraph at lines 78--78
[]|\T1/aer/m/n/12 Tests gen-er-a-tion of
 []


Underfull \hbox (badness 1158) in paragraph at lines 78--78
\T1/aer/m/n/12 task tree and nodes
 []


Underfull \hbox (badness 2547) in paragraph at lines 78--78
\T1/aer/m/n/12 based on the in-put
 []


Overfull \hbox (3.16405pt too wide) in paragraph at lines 80--80
[]|\T1/aer/m/n/12 EndSimulationMessag-
 []


Underfull \hbox (badness 4765) in paragraph at lines 80--80
\T1/aer/m/n/12 mes-sage (end-Sim-u-la-
 []


Overfull \hbox (3.76393pt too wide) in paragraph at lines 81--81
[]|\T1/aer/m/n/12 InitialTreeMessageTest| 
 []


Underfull \hbox (badness 10000) in paragraph at lines 81--81
[]|\T1/aer/m/n/12 Checks the re-turn
 []


Overfull \hbox (2.33594pt too wide) in paragraph at lines 82--82
[]|\T1/aer/m/n/12 StartSimulationMessa-
 []


Underfull \hbox (badness 5939) in paragraph at lines 82--82
\T1/aer/m/n/12 tial-izes and re-turns
 []

[27]

pdfTeX warning: /usr/texbin/pdflatex (file ./figs/OverviewUsesDiagram.pdf): PDF
 inclusion: found PDF version <1.7>, but at most version <1.5> allowed
<figs/OverviewUsesDiagram.pdf, id=719, 614.295pt x 794.97pt>
File: figs/OverviewUsesDiagram.pdf Graphic file (type pdf)

<use figs/OverviewUsesDiagram.pdf>
Package pdftex.def Info: figs/OverviewUsesDiagram.pdf used on input line 94.
(pdftex.def)             Requested size: 578.15999pt x 397.60126pt.

Overfull \hbox (81.82967pt too wide) in paragraph at lines 94--95
 [][] 
 []


Underfull \hbox (badness 10000) in paragraph at lines 101--102

 []


Underfull \hbox (badness 10000) in paragraph at lines 103--105

 []

[28 <./figs/OverviewUsesDiagram.pdf>]
Underfull \hbox (badness 10000) in paragraph at lines 106--107

 []


Underfull \hbox (badness 10000) in paragraph at lines 108--110

 []


Underfull \hbox (badness 10000) in paragraph at lines 111--113

 []


Underfull \hbox (badness 10000) in paragraph at lines 114--115

 []


Underfull \hbox (badness 10000) in paragraph at lines 116--117

 []


Underfull \hbox (badness 10000) in paragraph at lines 118--119

 []


Underfull \hbox (badness 10000) in paragraph at lines 120--121

 []


Underfull \hbox (badness 10000) in paragraph at lines 122--123

 []


Underfull \hbox (badness 10000) in paragraph at lines 124--125

 []


Underfull \hbox (badness 10000) in paragraph at lines 126--127

 []


Underfull \hbox (badness 10000) in paragraph at lines 128--129

 []

[29]
Underfull \hbox (badness 10000) in paragraph at lines 143--144

 []


Underfull \hbox (badness 10000) in paragraph at lines 147--148

 []


Underfull \hbox (badness 10000) in paragraph at lines 151--152

 []

) [30]
\openout2 = `conclusion.aux'.

 (./conclusion.tex
Chapter 7.
) [31



]
\openout2 = `glossary.aux'.

 (./glossary.tex [32


]) [33] (./AISim.ind)
./AISim.tex:133: Undefined control sequence.
l.133 \printglossary
                    
? 
Package atveryend Info: Empty hook `BeforeClearDocument' on input line 135.
Package atveryend Info: Empty hook `AfterLastShipout' on input line 135.
(./AISim.aux (./introduction.aux) (./general.aux) (./systemRequirements.aux)
(./otherFunctionalRequirements.aux) (./detailedSystemDescription.aux)
(./verification.aux) (./conclusion.aux) (./glossary.aux))
Package atveryend Info: Executing hook `AtVeryEndDocument' on input line 135.
Package atveryend Info: Executing hook `AtEndAfterFileList' on input line 135.
Package rerunfilecheck Info: File `AISim.out' has not changed.
(rerunfilecheck)             Checksum: 9290D8F4AF27E6F3AAEA6A9366C64F71;1479.


LaTeX Font Warning: Some font shapes were not available, defaults substituted.


LaTeX Warning: There were multiply-defined labels.

Package atveryend Info: Empty hook `AtVeryVeryEnd' on input line 135.
 ) 
Here is how much of TeX's memory you used:
 10433 strings out of 493117
 145286 string characters out of 6135433
 282918 words of memory out of 5000000
 13421 multiletter control sequences out of 15000+600000
 29148 words of font info for 74 fonts, out of 8000000 for 9000
 1141 hyphenation exceptions out of 8191
 35i,10n,30p,3281b,540s stack positions out of 5000i,500n,10000p,200000b,80000s
{/usr/local/texlive/2014/texmf-dist/fonts/enc/dvips/cm-super/cm-super-ts1.enc
}</usr/local/texlive/2014/texmf-dist/fonts/type1/public/amsfonts/cm/cmbx12.pfb>
</usr/local/texlive/2014/texmf-dist/fonts/type1/public/amsfonts/cm/cmcsc10.pfb>
</usr/local/texlive/2014/texmf-dist/fonts/type1/public/amsfonts/cm/cmr12.pfb></
usr/local/texlive/2014/texmf-dist/fonts/type1/public/amsfonts/cm/cmtt12.pfb></u
sr/local/texlive/2014/texmf-dist/fonts/type1/public/cm-super/sfrm1200.pfb>
Output written on AISim.pdf (38 pages, 358920 bytes).
PDF statistics:
 806 PDF objects out of 1000 (max. 8388607)
 642 compressed objects within 7 object streams
 157 named destinations out of 1000 (max. 500000)
 248 words of extra memory for PDF output out of 10000 (max. 10000000)

